#
# There is insufficient memory for the Java Runtime Environment to continue.
# Native memory allocation (malloc) failed to allocate 614992 bytes for Chunk::new
# Possible reasons:
#   The system is out of physical RAM or swap space
#   The process is running with CompressedOops enabled, and the Java Heap may be blocking the growth of the native heap
# Possible solutions:
#   Reduce memory load on the system
#   Increase physical memory or swap space
#   Check if swap backing store is full
#   Decrease Java heap size (-Xmx/-Xms)
#   Decrease number of Java threads
#   Decrease Java thread stack sizes (-Xss)
#   Set larger code cache with -XX:ReservedCodeCacheSize=
#   JVM is running with Unscaled Compressed Oops mode in which the Java heap is
#     placed in the first 4GB address space. The Java Heap base address is the
#     maximum limit for the native heap growth. Please use -XX:HeapBaseMinAddress
#     to set the Java Heap base and to place the Java Heap above 4GB virtual address.
# This output file may be truncated or incomplete.
#
#  Out of Memory Error (allocation.cpp:389), pid=16480, tid=0x0000000000001e00
#
# JRE version: OpenJDK Runtime Environment (8.0_242-b01) (build 1.8.0_242-release-1644-b01)
# Java VM: OpenJDK 64-Bit Server VM (25.242-b01 mixed mode windows-amd64 compressed oops)
# Failed to write core dump. Minidumps are not enabled by default on client versions of Windows
#

---------------  T H R E A D  ---------------

Current thread (0x00000000176dc800):  JavaThread "C2 CompilerThread1" daemon [_thread_in_native, id=7680, stack(0x0000000018e60000,0x0000000018f60000)]

Stack: [0x0000000018e60000,0x0000000018f60000]
[error occurred during error reporting (printing stack bounds), id 0xc0000005]

Native frames: (J=compiled Java code, j=interpreted, Vv=VM code, C=native code)


Current CompileTask:
C2: 144245 10958       4       org.gradle.api.internal.artifacts.ivyservice.resolveengine.artifact.ArtifactBackedResolvedVariant$SingleArtifactSet::startVisit (62 bytes)


---------------  P R O C E S S  ---------------

Java Threads: ( => current thread )
  0x000000001f491800 JavaThread "jar transforms Thread 188" [_thread_blocked, id=19396, stack(0x00000000281b0000,0x00000000282b0000)]
  0x000000001f490000 JavaThread "jar transforms Thread 187" [_thread_blocked, id=18380, stack(0x00000000280b0000,0x00000000281b0000)]
  0x000000001f48b800 JavaThread "jar transforms Thread 186" [_thread_blocked, id=16088, stack(0x0000000027fb0000,0x00000000280b0000)]
  0x000000001f492800 JavaThread "jar transforms Thread 185" [_thread_blocked, id=9604, stack(0x0000000027eb0000,0x0000000027fb0000)]
  0x000000001f491000 JavaThread "jar transforms Thread 184" [_thread_blocked, id=11628, stack(0x0000000027db0000,0x0000000027eb0000)]
  0x000000001f48e800 JavaThread "jar transforms Thread 183" [_thread_blocked, id=14700, stack(0x0000000027cb0000,0x0000000027db0000)]
  0x000000001f48b000 JavaThread "jar transforms Thread 182" [_thread_blocked, id=4336, stack(0x0000000027bb0000,0x0000000027cb0000)]
  0x000000001f48f800 JavaThread "jar transforms Thread 181" [_thread_blocked, id=15296, stack(0x0000000027ab0000,0x0000000027bb0000)]
  0x000000001f48d000 JavaThread "jar transforms Thread 180" [_thread_blocked, id=16264, stack(0x00000000279b0000,0x0000000027ab0000)]
  0x000000002009c000 JavaThread "jar transforms Thread 179" [_thread_blocked, id=10260, stack(0x00000000278b0000,0x00000000279b0000)]
  0x00000000200a0000 JavaThread "jar transforms Thread 178" [_thread_blocked, id=8956, stack(0x00000000277b0000,0x00000000278b0000)]
  0x000000002009f000 JavaThread "jar transforms Thread 177" [_thread_blocked, id=15812, stack(0x00000000276b0000,0x00000000277b0000)]
  0x000000002009b000 JavaThread "jar transforms Thread 176" [_thread_blocked, id=12028, stack(0x00000000275b0000,0x00000000276b0000)]
  0x000000002009e000 JavaThread "jar transforms Thread 175" [_thread_blocked, id=19296, stack(0x00000000274b0000,0x00000000275b0000)]
  0x000000002009d800 JavaThread "jar transforms Thread 174" [_thread_blocked, id=8976, stack(0x00000000273b0000,0x00000000274b0000)]
  0x000000002009a800 JavaThread "jar transforms Thread 173" [_thread_blocked, id=17568, stack(0x00000000272b0000,0x00000000273b0000)]
  0x0000000020099800 JavaThread "jar transforms Thread 172" [_thread_blocked, id=10044, stack(0x00000000271b0000,0x00000000272b0000)]
  0x000000002009c800 JavaThread "jar transforms Thread 171" [_thread_blocked, id=1944, stack(0x00000000270b0000,0x00000000271b0000)]
  0x0000000020092000 JavaThread "jar transforms Thread 170" [_thread_blocked, id=8148, stack(0x0000000026fb0000,0x00000000270b0000)]
  0x0000000020099000 JavaThread "jar transforms Thread 169" [_thread_blocked, id=14044, stack(0x0000000026eb0000,0x0000000026fb0000)]
  0x0000000020093800 JavaThread "jar transforms Thread 168" [_thread_blocked, id=8384, stack(0x0000000026db0000,0x0000000026eb0000)]
  0x0000000020094800 JavaThread "jar transforms Thread 167" [_thread_blocked, id=12904, stack(0x0000000026cb0000,0x0000000026db0000)]
  0x0000000020091800 JavaThread "jar transforms Thread 166" [_thread_blocked, id=12948, stack(0x0000000026bb0000,0x0000000026cb0000)]
  0x0000000020098000 JavaThread "jar transforms Thread 165" [_thread_blocked, id=7428, stack(0x0000000026ab0000,0x0000000026bb0000)]
  0x0000000020090800 JavaThread "jar transforms Thread 164" [_thread_blocked, id=3964, stack(0x00000000269b0000,0x0000000026ab0000)]
  0x0000000020093000 JavaThread "jar transforms Thread 163" [_thread_blocked, id=8056, stack(0x00000000268b0000,0x00000000269b0000)]
  0x0000000020097800 JavaThread "jar transforms Thread 162" [_thread_blocked, id=14804, stack(0x00000000267b0000,0x00000000268b0000)]
  0x0000000020096000 JavaThread "jar transforms Thread 161" [_thread_blocked, id=8440, stack(0x00000000266b0000,0x00000000267b0000)]
  0x0000000020095000 JavaThread "jar transforms Thread 160" [_thread_blocked, id=228, stack(0x00000000265b0000,0x00000000266b0000)]
  0x0000000020096800 JavaThread "jar transforms Thread 159" [_thread_blocked, id=17844, stack(0x00000000264b0000,0x00000000265b0000)]
  0x0000000020abb800 JavaThread "jar transforms Thread 158" [_thread_blocked, id=4524, stack(0x00000000263b0000,0x00000000264b0000)]
  0x0000000020aba800 JavaThread "jar transforms Thread 157" [_thread_blocked, id=16720, stack(0x00000000262b0000,0x00000000263b0000)]
  0x0000000020ab9000 JavaThread "jar transforms Thread 156" [_thread_blocked, id=18644, stack(0x00000000261b0000,0x00000000262b0000)]
  0x0000000020aba000 JavaThread "jar transforms Thread 155" [_thread_blocked, id=19424, stack(0x00000000260b0000,0x00000000261b0000)]
  0x0000000020ab8800 JavaThread "jar transforms Thread 154" [_thread_blocked, id=9120, stack(0x0000000025fb0000,0x00000000260b0000)]
  0x0000000020ab1000 JavaThread "jar transforms Thread 153" [_thread_blocked, id=15184, stack(0x0000000025eb0000,0x0000000025fb0000)]
  0x0000000020ab7800 JavaThread "jar transforms Thread 152" [_thread_blocked, id=12380, stack(0x0000000025db0000,0x0000000025eb0000)]
  0x0000000020ab7000 JavaThread "jar transforms Thread 151" [_thread_blocked, id=7324, stack(0x0000000025cb0000,0x0000000025db0000)]
  0x0000000020ab5800 JavaThread "jar transforms Thread 150" [_thread_blocked, id=2752, stack(0x0000000025bb0000,0x0000000025cb0000)]
  0x0000000020ab6000 JavaThread "jar transforms Thread 149" [_thread_blocked, id=9432, stack(0x0000000025ab0000,0x0000000025bb0000)]
  0x0000000020ab4800 JavaThread "jar transforms Thread 148" [_thread_blocked, id=10492, stack(0x00000000259b0000,0x0000000025ab0000)]
  0x0000000020aad000 JavaThread "jar transforms Thread 147" [_thread_blocked, id=15020, stack(0x00000000258b0000,0x00000000259b0000)]
  0x0000000020ab4000 JavaThread "jar transforms Thread 146" [_thread_blocked, id=11964, stack(0x00000000257b0000,0x00000000258b0000)]
  0x0000000020ab0000 JavaThread "jar transforms Thread 145" [_thread_blocked, id=9748, stack(0x00000000256b0000,0x00000000257b0000)]
  0x0000000020ab3000 JavaThread "jar transforms Thread 144" [_thread_blocked, id=10480, stack(0x00000000255b0000,0x00000000256b0000)]
  0x0000000020aaf800 JavaThread "jar transforms Thread 143" [_thread_blocked, id=13228, stack(0x00000000254b0000,0x00000000255b0000)]
  0x0000000020aae800 JavaThread "jar transforms Thread 142" [_thread_blocked, id=6748, stack(0x00000000253b0000,0x00000000254b0000)]
  0x0000000020aae000 JavaThread "jar transforms Thread 141" [_thread_blocked, id=5736, stack(0x00000000252b0000,0x00000000253b0000)]
  0x0000000020ab1800 JavaThread "jar transforms Thread 140" [_thread_blocked, id=6564, stack(0x00000000251b0000,0x00000000252b0000)]
  0x0000000020ab2800 JavaThread "jar transforms Thread 139" [_thread_blocked, id=15500, stack(0x00000000250b0000,0x00000000251b0000)]
  0x0000000020aac800 JavaThread "jar transforms Thread 138" [_thread_blocked, id=6624, stack(0x0000000024fb0000,0x00000000250b0000)]
  0x000000001b221800 JavaThread "jar transforms Thread 137" [_thread_blocked, id=8920, stack(0x0000000024eb0000,0x0000000024fb0000)]
  0x000000001b220000 JavaThread "jar transforms Thread 136" [_thread_blocked, id=14104, stack(0x0000000024db0000,0x0000000024eb0000)]
  0x000000001b21f000 JavaThread "jar transforms Thread 135" [_thread_blocked, id=6888, stack(0x0000000024cb0000,0x0000000024db0000)]
  0x000000001b21b800 JavaThread "jar transforms Thread 134" [_thread_blocked, id=14664, stack(0x0000000024bb0000,0x0000000024cb0000)]
  0x000000001b21c000 JavaThread "jar transforms Thread 133" [_thread_blocked, id=12620, stack(0x0000000024ab0000,0x0000000024bb0000)]
  0x0000000028afc800 JavaThread "jar transforms Thread 132" [_thread_blocked, id=16892, stack(0x00000000249b0000,0x0000000024ab0000)]
  0x0000000028af9800 JavaThread "jar transforms Thread 131" [_thread_blocked, id=2064, stack(0x00000000248b0000,0x00000000249b0000)]
  0x0000000028afd000 JavaThread "jar transforms Thread 130" [_thread_blocked, id=2788, stack(0x00000000247b0000,0x00000000248b0000)]
  0x0000000028af8000 JavaThread "jar transforms Thread 129" [_thread_blocked, id=10788, stack(0x00000000246b0000,0x00000000247b0000)]
  0x0000000028af8800 JavaThread "jar transforms Thread 128" [_thread_blocked, id=376, stack(0x00000000245b0000,0x00000000246b0000)]
  0x0000000028afb800 JavaThread "jar transforms Thread 127" [_thread_blocked, id=4172, stack(0x00000000244b0000,0x00000000245b0000)]
  0x0000000028afb000 JavaThread "jar transforms Thread 126" [_thread_blocked, id=15624, stack(0x00000000243b0000,0x00000000244b0000)]
  0x0000000028afa000 JavaThread "jar transforms Thread 125" [_thread_blocked, id=10548, stack(0x00000000242b0000,0x00000000243b0000)]
  0x0000000028afe000 JavaThread "jar transforms Thread 124" [_thread_blocked, id=8944, stack(0x00000000241b0000,0x00000000242b0000)]
  0x0000000028af7000 JavaThread "jar transforms Thread 123" [_thread_blocked, id=1292, stack(0x00000000240b0000,0x00000000241b0000)]
  0x0000000028aef000 JavaThread "jar transforms Thread 122" [_thread_blocked, id=4756, stack(0x0000000023fb0000,0x00000000240b0000)]
  0x0000000028af5000 JavaThread "jar transforms Thread 121" [_thread_blocked, id=6772, stack(0x0000000023eb0000,0x0000000023fb0000)]
  0x0000000028af4000 JavaThread "jar transforms Thread 120" [_thread_blocked, id=18316, stack(0x0000000023db0000,0x0000000023eb0000)]
  0x0000000028af2800 JavaThread "jar transforms Thread 119" [_thread_blocked, id=3352, stack(0x0000000023cb0000,0x0000000023db0000)]
  0x0000000028af0800 JavaThread "jar transforms Thread 118" [_thread_blocked, id=9816, stack(0x0000000023bb0000,0x0000000023cb0000)]
  0x0000000028af2000 JavaThread "jar transforms Thread 117" [_thread_blocked, id=14440, stack(0x0000000023ab0000,0x0000000023bb0000)]
  0x0000000028af1000 JavaThread "jar transforms Thread 116" [_thread_blocked, id=18092, stack(0x00000000239b0000,0x0000000023ab0000)]
  0x000000001b436000 JavaThread "jar transforms Thread 115" [_thread_blocked, id=17872, stack(0x00000000238b0000,0x00000000239b0000)]
  0x000000001b439800 JavaThread "jar transforms Thread 114" [_thread_blocked, id=13216, stack(0x00000000237b0000,0x00000000238b0000)]
  0x000000001b43a800 JavaThread "jar transforms Thread 113" [_thread_blocked, id=12432, stack(0x00000000236b0000,0x00000000237b0000)]
  0x000000001b432000 JavaThread "jar transforms Thread 112" [_thread_blocked, id=17432, stack(0x00000000235b0000,0x00000000236b0000)]
  0x000000001b435000 JavaThread "jar transforms Thread 111" [_thread_blocked, id=6268, stack(0x00000000234b0000,0x00000000235b0000)]
  0x000000001b437800 JavaThread "jar transforms Thread 110" [_thread_blocked, id=10704, stack(0x00000000233b0000,0x00000000234b0000)]
  0x000000001b433000 JavaThread "jar transforms Thread 109" [_thread_blocked, id=1928, stack(0x00000000232b0000,0x00000000233b0000)]
  0x000000001b434800 JavaThread "jar transforms Thread 108" [_thread_blocked, id=16484, stack(0x00000000231b0000,0x00000000232b0000)]
  0x000000001b438000 JavaThread "jar transforms Thread 107" [_thread_blocked, id=18128, stack(0x00000000230b0000,0x00000000231b0000)]
  0x000000001b433800 JavaThread "jar transforms Thread 106" [_thread_blocked, id=13492, stack(0x0000000022fb0000,0x00000000230b0000)]
  0x000000001b439000 JavaThread "jar transforms Thread 105" [_thread_blocked, id=8120, stack(0x0000000022eb0000,0x0000000022fb0000)]
  0x000000001b436800 JavaThread "jar transforms Thread 104" [_thread_blocked, id=6428, stack(0x0000000022db0000,0x0000000022eb0000)]
  0x000000001b42b800 JavaThread "jar transforms Thread 103" [_thread_blocked, id=14608, stack(0x0000000022cb0000,0x0000000022db0000)]
  0x000000001b431800 JavaThread "jar transforms Thread 102" [_thread_blocked, id=18904, stack(0x0000000022bb0000,0x0000000022cb0000)]
  0x000000001b430800 JavaThread "jar transforms Thread 101" [_thread_blocked, id=15532, stack(0x0000000022ab0000,0x0000000022bb0000)]
  0x000000001b42c000 JavaThread "jar transforms Thread 100" [_thread_blocked, id=15900, stack(0x00000000229b0000,0x0000000022ab0000)]
  0x000000001b430000 JavaThread "jar transforms Thread 99" [_thread_blocked, id=12444, stack(0x00000000228b0000,0x00000000229b0000)]
  0x000000001f026000 JavaThread "jar transforms Thread 98" [_thread_blocked, id=608, stack(0x00000000227b0000,0x00000000228b0000)]
  0x000000001f025800 JavaThread "jar transforms Thread 97" [_thread_blocked, id=17916, stack(0x00000000226b0000,0x00000000227b0000)]
  0x000000001f024000 JavaThread "jar transforms Thread 96" [_thread_blocked, id=15248, stack(0x00000000225b0000,0x00000000226b0000)]
  0x000000001f023000 JavaThread "jar transforms Thread 95" [_thread_blocked, id=2084, stack(0x00000000224b0000,0x00000000225b0000)]
  0x000000001f024800 JavaThread "Build operations Thread 4" [_thread_blocked, id=13368, stack(0x00000000223b0000,0x00000000224b0000)]
  0x000000001f022800 JavaThread "Build operations Thread 3" [_thread_blocked, id=18404, stack(0x00000000222b0000,0x00000000223b0000)]
  0x000000001f01b000 JavaThread "Build operations Thread 2" [_thread_blocked, id=15780, stack(0x0000000021210000,0x0000000021310000)]
  0x000000001f021800 JavaThread "Build operations" [_thread_blocked, id=12200, stack(0x0000000021010000,0x0000000021110000)]
  0x000000001f01e800 JavaThread "Cache worker for cache directory md-rule (C:\Users\Serikov_VA\.gradle\caches\6.5\md-rule)" [_thread_blocked, id=6328, stack(0x000000001fea0000,0x000000001ffa0000)]
  0x000000001f019800 JavaThread "Cache worker for cache directory md-supplier (C:\Users\Serikov_VA\.gradle\caches\6.5\md-supplier)" [_thread_blocked, id=12420, stack(0x000000001fda0000,0x000000001fea0000)]
  0x000000001f01c800 JavaThread "Cache worker for checksums cache (D:\GitHub\AdjustmentDB\.gradle\checksums)" [_thread_blocked, id=11400, stack(0x000000001d890000,0x000000001d990000)]
  0x000000001f01b800 JavaThread "Cache worker for file hash cache (D:\GitHub\AdjustmentDB\.gradle\6.5\fileHashes)" [_thread_blocked, id=10804, stack(0x000000001cf90000,0x000000001d090000)]
  0x000000001f020000 JavaThread "Thread-131" [_thread_blocked, id=10404, stack(0x000000001ce90000,0x000000001cf90000)]
  0x000000001f01f800 JavaThread "Stdin handler" [_thread_blocked, id=9596, stack(0x000000001cd90000,0x000000001ce90000)]
  0x000000001f01a000 JavaThread "Asynchronous log dispatcher for DefaultDaemonConnection: socket connection from /127.0.0.1:54609 to /127.0.0.1:54644" [_thread_blocked, id=2792, stack(0x000000001cc90000,0x000000001cd90000)]
  0x000000001f018000 JavaThread "Daemon worker Thread 2" [_thread_blocked, id=13316, stack(0x000000001cb90000,0x000000001cc90000)]
  0x000000001f01e000 JavaThread "Cancel handler" [_thread_blocked, id=14464, stack(0x0000000000e40000,0x0000000000f40000)]
  0x000000001f018800 JavaThread "Handler for socket connection from /127.0.0.1:54609 to /127.0.0.1:54644" [_thread_in_native, id=14508, stack(0x0000000000d40000,0x0000000000e40000)]
  0x000000001f01d000 JavaThread "Daemon Thread 2" [_thread_blocked, id=128, stack(0x0000000000c40000,0x0000000000d40000)]
  0x000000001f027000 JavaThread "Memory manager" [_thread_blocked, id=19232, stack(0x0000000029680000,0x0000000029780000)]
  0x000000001b21e800 JavaThread "Cache worker for file content cache (C:\Users\Serikov_VA\.gradle\caches\6.5\fileContent)" [_thread_blocked, id=4024, stack(0x0000000021bb0000,0x0000000021cb0000)]
  0x000000001b21d000 JavaThread "Cache worker for execution history cache (C:\Users\Serikov_VA\.gradle\caches\6.5\executionHistory)" [_thread_blocked, id=12428, stack(0x0000000021110000,0x0000000021210000)]
  0x000000001b220800 JavaThread "Cache worker for file hash cache (C:\Users\Serikov_VA\.gradle\caches\6.5\fileHashes)" [_thread_blocked, id=18416, stack(0x000000001d790000,0x000000001d890000)]
  0x000000001b222000 JavaThread "File lock request listener" [_thread_in_native, id=14352, stack(0x000000001d690000,0x000000001d790000)]
  0x000000001b21a000 JavaThread "Cache worker for journal cache (C:\Users\Serikov_VA\.gradle\caches\journal-1)" [_thread_blocked, id=14008, stack(0x000000001d490000,0x000000001d590000)]
  0x000000001b163800 JavaThread "Daemon periodic checks" [_thread_blocked, id=15332, stack(0x000000001c890000,0x000000001c990000)]
  0x000000001b0fa000 JavaThread "Incoming local TCP Connector on port 54609" [_thread_in_native, id=15292, stack(0x000000001c640000,0x000000001c740000)]
  0x000000001b028800 JavaThread "Daemon health stats" [_thread_blocked, id=17596, stack(0x000000001c000000,0x000000001c100000)]
  0x0000000019080800 JavaThread "Service Thread" daemon [_thread_blocked, id=3016, stack(0x0000000019460000,0x0000000019560000)]
  0x00000000176e0000 JavaThread "C1 CompilerThread2" daemon [_thread_blocked, id=17820, stack(0x0000000018f60000,0x0000000019060000)]
=>0x00000000176dc800 JavaThread "C2 CompilerThread1" daemon [_thread_in_native, id=7680, stack(0x0000000018e60000,0x0000000018f60000)]
  0x00000000176d6800 JavaThread "C2 CompilerThread0" daemon [_thread_in_native, id=16104, stack(0x0000000018d60000,0x0000000018e60000)]
  0x00000000176d5000 JavaThread "Attach Listener" daemon [_thread_blocked, id=2088, stack(0x0000000018c60000,0x0000000018d60000)]
  0x00000000176d4000 JavaThread "Signal Dispatcher" daemon [_thread_blocked, id=12388, stack(0x0000000018b60000,0x0000000018c60000)]
  0x0000000002aab800 JavaThread "Finalizer" daemon [_thread_blocked, id=12304, stack(0x0000000018950000,0x0000000018a50000)]
  0x00000000176b9000 JavaThread "Reference Handler" daemon [_thread_blocked, id=9076, stack(0x0000000018850000,0x0000000018950000)]
  0x00000000029b2800 JavaThread "main" [_thread_blocked, id=17588, stack(0x0000000002830000,0x0000000002930000)]

Other Threads:
  0x0000000017695800 VMThread [stack: 0x0000000018750000,0x0000000018850000] [id=2436]
  0x000000001772e800 WatcherThread [stack: 0x0000000019560000,0x0000000019660000] [id=13536]

VM state:at safepoint (normal execution)

VM Mutex/Monitor currently owned by a thread:  ([mutex/lock_event])
[0x00000000029ae040] Threads_lock - owner thread: 0x0000000017695800

heap address: 0x0000000080000000, size: 2048 MB, Compressed Oops mode: 32-bit
Narrow klass base: 0x0000000000000000, Narrow klass shift: 3
Compressed class space size: 1073741824 Address: 0x0000000100000000

Heap:
 PSYoungGen      total 263680K, used 47283K [0x00000000d5580000, 0x00000000e7400000, 0x0000000100000000)
  eden space 242176K, 10% used [0x00000000d5580000,0x00000000d6eae450,0x00000000e4200000)
  from space 21504K, 99% used [0x00000000e4200000,0x00000000e56feb78,0x00000000e5700000)
  to   space 21504K, 0% used [0x00000000e5700000,0x00000000e5700000,0x00000000e6c00000)
 ParOldGen       total 110080K, used 60279K [0x0000000080000000, 0x0000000086b80000, 0x00000000d5580000)
  object space 110080K, 54% used [0x0000000080000000,0x0000000083adde98,0x0000000086b80000)
 Metaspace       used 79027K, capacity 83058K, committed 83240K, reserved 1120256K
  class space    used 10770K, capacity 11543K, committed 11568K, reserved 1048576K

Card table byte_map: [0x0000000011e70000,0x0000000012280000] byte_map_base: 0x0000000011a70000

Marking Bits: (ParMarkBitMap*) 0x000000005bcbf030
 Begin Bits: [0x0000000012930000, 0x0000000014930000)
 End Bits:   [0x0000000014930000, 0x0000000016930000)

Polling page: 0x0000000002730000

CodeCache: size=245760Kb used=28923Kb max_used=28923Kb free=216836Kb
 bounds [0x0000000002ab0000, 0x0000000004720000, 0x0000000011ab0000]
 total_blobs=10178 nmethods=9358 adapters=731
 compilation: enabled

Compilation events (10 events):
Event: 144.238 Thread 0x00000000176e0000 11041       3       java.lang.String::<init> (209 bytes)
Event: 144.239 Thread 0x00000000176e0000 nmethod 11041 0x000000000470ea10 code [0x000000000470ec60, 0x000000000470f988]
Event: 144.240 Thread 0x00000000176e0000 11042       3       java.util.regex.Pattern::charPropertyNodeFor (42 bytes)
Event: 144.241 Thread 0x00000000176e0000 nmethod 11042 0x00000000047101d0 code [0x0000000004710420, 0x00000000047112f8]
Event: 144.241 Thread 0x00000000176e0000 11043       3       java.util.regex.Pattern$CharPropertyNames::charPropertyFor (24 bytes)
Event: 144.241 Thread 0x00000000176e0000 nmethod 11043 0x00000000046fe5d0 code [0x00000000046fe780, 0x00000000046fedc8]
Event: 144.242 Thread 0x00000000176e0000 11044       3       java.util.TreeMap::lastKey (8 bytes)
Event: 144.243 Thread 0x00000000176e0000 nmethod 11044 0x00000000047119d0 code [0x0000000004711b60, 0x0000000004711fe8]
Event: 144.243 Thread 0x00000000176e0000 11045       3       org.gradle.cache.internal.DefaultCacheScopeMapping::getCacheDir (92 bytes)
Event: 144.244 Thread 0x00000000176e0000 nmethod 11045 0x0000000004712210 code [0x0000000004712440, 0x0000000004712f88]

GC Heap History (10 events):
Event: 5.282 GC heap before
{Heap before GC invocations=14 (full 2):
 PSYoungGen      total 194560K, used 60695K [0x00000000d5580000, 0x00000000e6c00000, 0x0000000100000000)
  eden space 180224K, 25% used [0x00000000d5580000,0x00000000d82cb790,0x00000000e0580000)
  from space 14336K, 99% used [0x00000000e0580000,0x00000000e137a600,0x00000000e1380000)
  to   space 21504K, 0% used [0x00000000e5700000,0x00000000e5700000,0x00000000e6c00000)
 ParOldGen       total 70656K, used 32250K [0x0000000080000000, 0x0000000084500000, 0x00000000d5580000)
  object space 70656K, 45% used [0x0000000080000000,0x0000000081f7eb40,0x0000000084500000)
 Metaspace       used 56692K, capacity 59012K, committed 59160K, reserved 1099776K
  class space    used 7767K, capacity 8274K, committed 8368K, reserved 1048576K
Event: 5.299 GC heap after
Heap after GC invocations=14 (full 2):
 PSYoungGen      total 263680K, used 4050K [0x00000000d5580000, 0x00000000e7400000, 0x0000000100000000)
  eden space 242176K, 0% used [0x00000000d5580000,0x00000000d5580000,0x00000000e4200000)
  from space 21504K, 18% used [0x00000000e5700000,0x00000000e5af4978,0x00000000e6c00000)
  to   space 21504K, 0% used [0x00000000e4200000,0x00000000e4200000,0x00000000e5700000)
 ParOldGen       total 70656K, used 43862K [0x0000000080000000, 0x0000000084500000, 0x00000000d5580000)
  object space 70656K, 62% used [0x0000000080000000,0x0000000082ad5bf8,0x0000000084500000)
 Metaspace       used 56692K, capacity 59012K, committed 59160K, reserved 1099776K
  class space    used 7767K, capacity 8274K, committed 8368K, reserved 1048576K
}
Event: 5.299 GC heap before
{Heap before GC invocations=15 (full 3):
 PSYoungGen      total 263680K, used 4050K [0x00000000d5580000, 0x00000000e7400000, 0x0000000100000000)
  eden space 242176K, 0% used [0x00000000d5580000,0x00000000d5580000,0x00000000e4200000)
  from space 21504K, 18% used [0x00000000e5700000,0x00000000e5af4978,0x00000000e6c00000)
  to   space 21504K, 0% used [0x00000000e4200000,0x00000000e4200000,0x00000000e5700000)
 ParOldGen       total 70656K, used 43862K [0x0000000080000000, 0x0000000084500000, 0x00000000d5580000)
  object space 70656K, 62% used [0x0000000080000000,0x0000000082ad5bf8,0x0000000084500000)
 Metaspace       used 56692K, capacity 59012K, committed 59160K, reserved 1099776K
  class space    used 7767K, capacity 8274K, committed 8368K, reserved 1048576K
Event: 5.485 GC heap after
Heap after GC invocations=15 (full 3):
 PSYoungGen      total 263680K, used 0K [0x00000000d5580000, 0x00000000e7400000, 0x0000000100000000)
  eden space 242176K, 0% used [0x00000000d5580000,0x00000000d5580000,0x00000000e4200000)
  from space 21504K, 0% used [0x00000000e5700000,0x00000000e5700000,0x00000000e6c00000)
  to   space 21504K, 0% used [0x00000000e4200000,0x00000000e4200000,0x00000000e5700000)
 ParOldGen       total 110080K, used 34866K [0x0000000080000000, 0x0000000086b80000, 0x00000000d5580000)
  object space 110080K, 31% used [0x0000000080000000,0x000000008220c830,0x0000000086b80000)
 Metaspace       used 56673K, capacity 58946K, committed 59160K, reserved 1099776K
  class space    used 7761K, capacity 8263K, committed 8368K, reserved 1048576K
}
Event: 7.331 GC heap before
{Heap before GC invocations=16 (full 3):
 PSYoungGen      total 263680K, used 242176K [0x00000000d5580000, 0x00000000e7400000, 0x0000000100000000)
  eden space 242176K, 100% used [0x00000000d5580000,0x00000000e4200000,0x00000000e4200000)
  from space 21504K, 0% used [0x00000000e5700000,0x00000000e5700000,0x00000000e6c00000)
  to   space 21504K, 0% used [0x00000000e4200000,0x00000000e4200000,0x00000000e5700000)
 ParOldGen       total 110080K, used 34866K [0x0000000080000000, 0x0000000086b80000, 0x00000000d5580000)
  object space 110080K, 31% used [0x0000000080000000,0x000000008220c830,0x0000000086b80000)
 Metaspace       used 64155K, capacity 67112K, committed 67368K, reserved 1107968K
  class space    used 8822K, capacity 9402K, committed 9520K, reserved 1048576K
Event: 7.352 GC heap after
Heap after GC invocations=16 (full 3):
 PSYoungGen      total 263680K, used 21488K [0x00000000d5580000, 0x00000000e7400000, 0x0000000100000000)
  eden space 242176K, 0% used [0x00000000d5580000,0x00000000d5580000,0x00000000e4200000)
  from space 21504K, 99% used [0x00000000e4200000,0x00000000e56fc120,0x00000000e5700000)
  to   space 21504K, 0% used [0x00000000e5700000,0x00000000e5700000,0x00000000e6c00000)
 ParOldGen       total 110080K, used 36067K [0x0000000080000000, 0x0000000086b80000, 0x00000000d5580000)
  object space 110080K, 32% used [0x0000000080000000,0x0000000082338e00,0x0000000086b80000)
 Metaspace       used 64155K, capacity 67112K, committed 67368K, reserved 1107968K
  class space    used 8822K, capacity 9402K, committed 9520K, reserved 1048576K
}
Event: 8.435 GC heap before
{Heap before GC invocations=17 (full 3):
 PSYoungGen      total 263680K, used 263664K [0x00000000d5580000, 0x00000000e7400000, 0x0000000100000000)
  eden space 242176K, 100% used [0x00000000d5580000,0x00000000e4200000,0x00000000e4200000)
  from space 21504K, 99% used [0x00000000e4200000,0x00000000e56fc120,0x00000000e5700000)
  to   space 21504K, 0% used [0x00000000e5700000,0x00000000e5700000,0x00000000e6c00000)
 ParOldGen       total 110080K, used 36067K [0x0000000080000000, 0x0000000086b80000, 0x00000000d5580000)
  object space 110080K, 32% used [0x0000000080000000,0x0000000082338e00,0x0000000086b80000)
 Metaspace       used 64770K, capacity 67852K, committed 68136K, reserved 1107968K
  class space    used 8879K, capacity 9460K, committed 9520K, reserved 1048576K
Event: 8.451 GC heap after
Heap after GC invocations=17 (full 3):
 PSYoungGen      total 263680K, used 13376K [0x00000000d5580000, 0x00000000e7400000, 0x0000000100000000)
  eden space 242176K, 0% used [0x00000000d5580000,0x00000000d5580000,0x00000000e4200000)
  from space 21504K, 62% used [0x00000000e5700000,0x00000000e6410040,0x00000000e6c00000)
  to   space 21504K, 0% used [0x00000000e4200000,0x00000000e4200000,0x00000000e5700000)
 ParOldGen       total 110080K, used 50879K [0x0000000080000000, 0x0000000086b80000, 0x00000000d5580000)
  object space 110080K, 46% used [0x0000000080000000,0x00000000831afef8,0x0000000086b80000)
 Metaspace       used 64770K, capacity 67852K, committed 68136K, reserved 1107968K
  class space    used 8879K, capacity 9460K, committed 9520K, reserved 1048576K
}
Event: 144.203 GC heap before
{Heap before GC invocations=18 (full 3):
 PSYoungGen      total 263680K, used 255552K [0x00000000d5580000, 0x00000000e7400000, 0x0000000100000000)
  eden space 242176K, 100% used [0x00000000d5580000,0x00000000e4200000,0x00000000e4200000)
  from space 21504K, 62% used [0x00000000e5700000,0x00000000e6410040,0x00000000e6c00000)
  to   space 21504K, 0% used [0x00000000e4200000,0x00000000e4200000,0x00000000e5700000)
 ParOldGen       total 110080K, used 50879K [0x0000000080000000, 0x0000000086b80000, 0x00000000d5580000)
  object space 110080K, 46% used [0x0000000080000000,0x00000000831afef8,0x0000000086b80000)
 Metaspace       used 79018K, capacity 83058K, committed 83240K, reserved 1120256K
  class space    used 10770K, capacity 11543K, committed 11568K, reserved 1048576K
Event: 144.228 GC heap after
Heap after GC invocations=18 (full 3):
 PSYoungGen      total 263680K, used 21498K [0x00000000d5580000, 0x00000000e7400000, 0x0000000100000000)
  eden space 242176K, 0% used [0x00000000d5580000,0x00000000d5580000,0x00000000e4200000)
  from space 21504K, 99% used [0x00000000e4200000,0x00000000e56feb78,0x00000000e5700000)
  to   space 21504K, 0% used [0x00000000e5700000,0x00000000e5700000,0x00000000e6c00000)
 ParOldGen       total 110080K, used 60279K [0x0000000080000000, 0x0000000086b80000, 0x00000000d5580000)
  object space 110080K, 54% used [0x0000000080000000,0x0000000083adde98,0x0000000086b80000)
 Metaspace       used 79018K, capacity 83058K, committed 83240K, reserved 1120256K
  class space    used 10770K, capacity 11543K, committed 11568K, reserved 1048576K
}

Deoptimization events (10 events):
Event: 144.111 Thread 0x000000001f018000 Uncommon trap: reason=bimorphic action=maybe_recompile pc=0x000000000450b958 method=org.gradle.api.internal.attributes.DefaultImmutableAttributes.get()Ljava/lang/Object; @ 4
Event: 144.158 Thread 0x000000001f018000 Uncommon trap: reason=bimorphic action=maybe_recompile pc=0x000000000450b958 method=org.gradle.api.internal.attributes.DefaultImmutableAttributes.get()Ljava/lang/Object; @ 4
Event: 144.158 Thread 0x000000001f018000 Uncommon trap: reason=bimorphic action=maybe_recompile pc=0x000000000450b958 method=org.gradle.api.internal.attributes.DefaultImmutableAttributes.get()Ljava/lang/Object; @ 4
Event: 144.161 Thread 0x000000001f018000 Uncommon trap: reason=class_check action=maybe_recompile pc=0x000000000426a224 method=org.gradle.internal.vfs.impl.DefaultVirtualFileSystem.readLocation(Ljava/lang/String;)Lorg/gradle/internal/snapshot/CompleteFileSystemLocationSnapshot; @ 8
Event: 144.161 Thread 0x000000001f018000 Uncommon trap: reason=class_check action=maybe_recompile pc=0x000000000426a24c method=org.gradle.internal.vfs.impl.DefaultSnapshotHierarchy.getMetadata(Ljava/lang/String;)Ljava/util/Optional; @ 9
Event: 144.164 Thread 0x000000001f018000 Uncommon trap: reason=bimorphic action=maybe_recompile pc=0x000000000426a438 method=org.gradle.internal.vfs.impl.DefaultVirtualFileSystem.read(Ljava/lang/String;Ljava/util/function/Function;)Ljava/lang/Object; @ 6
Event: 144.164 Thread 0x000000001f018000 Uncommon trap: reason=bimorphic action=maybe_recompile pc=0x000000000426a438 method=org.gradle.internal.vfs.impl.DefaultVirtualFileSystem.read(Ljava/lang/String;Ljava/util/function/Function;)Ljava/lang/Object; @ 6
Event: 144.165 Thread 0x000000001f018000 Uncommon trap: reason=bimorphic action=maybe_recompile pc=0x000000000426a438 method=org.gradle.internal.vfs.impl.DefaultVirtualFileSystem.read(Ljava/lang/String;Ljava/util/function/Function;)Ljava/lang/Object; @ 6
Event: 144.165 Thread 0x000000001f018000 Uncommon trap: reason=bimorphic action=maybe_recompile pc=0x000000000426a438 method=org.gradle.internal.vfs.impl.DefaultVirtualFileSystem.read(Ljava/lang/String;Ljava/util/function/Function;)Ljava/lang/Object; @ 6
Event: 144.228 Thread 0x00000000176b9000 Uncommon trap: reason=unstable_if action=reinterpret pc=0x0000000003b94f78 method=java.lang.ref.Reference.tryHandlePending(Z)Z @ 20

Classes redefined (0 events):
No events

Internal exceptions (10 events):
Event: 9.246 Thread 0x0000000028af5000 Implicit null exception at 0x0000000003a2e7d1 to 0x0000000003a2f269
Event: 9.315 Thread 0x0000000028af5000 Exception <a 'sun/nio/fs/WindowsException'> (0x00000000dcf0aa38) thrown at [C:\src\AOSP-openjdk-git\hotspot\src\share\vm\prims\jni.cpp, line 710]
Event: 9.350 Thread 0x0000000028af4000 Exception <a 'java/lang/NoSuchMethodError': java.lang.Object.lambda$comparingByKey$bbdbfea9$1(Ljava/util/Map$Entry;Ljava/util/Map$Entry;)I> (0x00000000dd153840) thrown at [C:\src\AOSP-openjdk-git\hotspot\src\share\vm\interpreter\linkResolver.cpp, line 620
Event: 9.625 Thread 0x0000000028af4000 Exception <a 'java/lang/NoSuchMethodError': <clinit>> (0x00000000e02b4a98) thrown at [C:\src\AOSP-openjdk-git\hotspot\src\share\vm\prims\jni.cpp, line 1615]
Event: 9.653 Thread 0x0000000028aef000 Exception <a 'java/lang/NoSuchMethodError': java.lang.Object.newSystemTemporaryDirectory()Lcom/android/tools/build/apkzlib/bytestorage/TemporaryDirectory;> (0x00000000e04f17d0) thrown at [C:\src\AOSP-openjdk-git\hotspot\src\share\vm\interpreter\linkResolv
Event: 9.699 Thread 0x0000000028aef000 Exception <a 'java/lang/NoSuchMethodError': java.lang.Object.lambda$static$0(Lcom/android/apksig/util/RunnablesProvider;)V> (0x00000000e0803e18) thrown at [C:\src\AOSP-openjdk-git\hotspot\src\share\vm\interpreter\linkResolver.cpp, line 620]
Event: 9.837 Thread 0x00000000196a5000 Implicit null exception at 0x00000000037e526c to 0x00000000037e52b5
Event: 10.496 Thread 0x000000001f027000 Exception <a 'java/lang/NoSuchMethodError': java.lang.Object.lambda$comparingInt$7b0bb60$1(Ljava/util/function/ToIntFunction;Ljava/lang/Object;Ljava/lang/Object;)I> (0x00000000e2db3cc0) thrown at [C:\src\AOSP-openjdk-git\hotspot\src\share\vm\interpreter\l
Event: 143.988 Thread 0x000000001f018000 Implicit null exception at 0x00000000042edce5 to 0x00000000042edf81
Event: 143.988 Thread 0x000000001f018000 Implicit null exception at 0x000000000410499e to 0x0000000004105301

Events (10 events):
Event: 144.185 Thread 0x000000001f48b800 Thread added: 0x000000001f48b800
Event: 144.185 Thread 0x000000001f490000 Thread added: 0x000000001f490000
Event: 144.186 Thread 0x000000001f491800 Thread added: 0x000000001f491800
Event: 144.197 Executing VM operation: ParallelGCFailedAllocation
Event: 144.228 Executing VM operation: ParallelGCFailedAllocation done
Event: 144.228 Thread 0x00000000176b9000 Uncommon trap: trap_request=0xffffff65 fr.pc=0x0000000003b94f78
Event: 144.228 Thread 0x00000000176b9000 DEOPT PACKING pc=0x0000000003b94f78 sp=0x000000001894f2c0
Event: 144.228 Thread 0x00000000176b9000 DEOPT UNPACKING pc=0x0000000002af557b sp=0x000000001894f278 mode 2
Event: 144.230 Executing VM operation: RevokeBias
Event: 144.231 Executing VM operation: RevokeBias done


Dynamic libraries:
0x00007ff62cbf0000 - 0x00007ff62cc21000 	C:\Program Files\Android\Android Studio\jre\bin\java.exe
0x00007ff87cb90000 - 0x00007ff87cd85000 	C:\WINDOWS\SYSTEM32\ntdll.dll
0x00007ff87b6a0000 - 0x00007ff87b75d000 	C:\WINDOWS\System32\KERNEL32.DLL
0x00007ff87a670000 - 0x00007ff87a939000 	C:\WINDOWS\System32\KERNELBASE.dll
0x00007ff87c720000 - 0x00007ff87c7cc000 	C:\WINDOWS\System32\ADVAPI32.dll
0x00007ff87ca40000 - 0x00007ff87cade000 	C:\WINDOWS\System32\msvcrt.dll
0x00007ff87b790000 - 0x00007ff87b82c000 	C:\WINDOWS\System32\sechost.dll
0x00007ff87c850000 - 0x00007ff87c97b000 	C:\WINDOWS\System32\RPCRT4.dll
0x00007ff87abf0000 - 0x00007ff87ad90000 	C:\WINDOWS\System32\USER32.dll
0x00007ff87abc0000 - 0x00007ff87abe2000 	C:\WINDOWS\System32\win32u.dll
0x00007ff87b5e0000 - 0x00007ff87b60a000 	C:\WINDOWS\System32\GDI32.dll
0x00007ff87a480000 - 0x00007ff87a58b000 	C:\WINDOWS\System32\gdi32full.dll
0x00007ff87a9a0000 - 0x00007ff87aa3d000 	C:\WINDOWS\System32\msvcp_win.dll
0x00007ff87aac0000 - 0x00007ff87abc0000 	C:\WINDOWS\System32\ucrtbase.dll
0x00007ff84d010000 - 0x00007ff84d2aa000 	C:\WINDOWS\WinSxS\amd64_microsoft.windows.common-controls_6595b64144ccf1df_6.0.19041.844_none_ca00b6081b84eb1d\COMCTL32.dll
0x00007ff87b760000 - 0x00007ff87b790000 	C:\WINDOWS\System32\IMM32.DLL
0x000000005c800000 - 0x000000005c8d2000 	C:\Program Files\Android\Android Studio\jre\jre\bin\msvcr100.dll
0x000000005b4f0000 - 0x000000005bd3b000 	C:\Program Files\Android\Android Studio\jre\jre\bin\server\jvm.dll
0x00007ff87b830000 - 0x00007ff87b838000 	C:\WINDOWS\System32\PSAPI.DLL
0x00007ff868430000 - 0x00007ff868439000 	C:\WINDOWS\SYSTEM32\WSOCK32.dll
0x00007ff870bc0000 - 0x00007ff870bca000 	C:\WINDOWS\SYSTEM32\VERSION.dll
0x00007ff84e630000 - 0x00007ff84e657000 	C:\WINDOWS\SYSTEM32\WINMM.dll
0x00007ff87cae0000 - 0x00007ff87cb4b000 	C:\WINDOWS\System32\WS2_32.dll
0x00007ff868420000 - 0x00007ff86842f000 	C:\Program Files\Android\Android Studio\jre\jre\bin\verify.dll
0x00007ff85ec70000 - 0x00007ff85ec99000 	C:\Program Files\Android\Android Studio\jre\jre\bin\java.dll
0x00007ff8682c0000 - 0x00007ff8682d6000 	C:\Program Files\Android\Android Studio\jre\jre\bin\zip.dll
0x00007ff87bfd0000 - 0x00007ff87c712000 	C:\WINDOWS\System32\SHELL32.dll
0x00007ff878450000 - 0x00007ff878be0000 	C:\WINDOWS\SYSTEM32\windows.storage.dll
0x00007ff87b850000 - 0x00007ff87bba5000 	C:\WINDOWS\System32\combase.dll
0x00007ff879d40000 - 0x00007ff879d6c000 	C:\WINDOWS\SYSTEM32\Wldp.dll
0x00007ff87aea0000 - 0x00007ff87af4e000 	C:\WINDOWS\System32\SHCORE.dll
0x00007ff87c980000 - 0x00007ff87c9d5000 	C:\WINDOWS\System32\shlwapi.dll
0x00007ff87a210000 - 0x00007ff87a22f000 	C:\WINDOWS\SYSTEM32\profapi.dll
0x00007ff85f900000 - 0x00007ff85f91a000 	C:\Program Files\Android\Android Studio\jre\jre\bin\net.dll
0x00007ff879ac0000 - 0x00007ff879b2a000 	C:\WINDOWS\system32\mswsock.dll
0x00007ff85e6d0000 - 0x00007ff85e6e3000 	C:\Program Files\Android\Android Studio\jre\jre\bin\nio.dll
0x00007ff870b70000 - 0x00007ff870b97000 	C:\Users\Serikov_VA\.gradle\native\f6784746aeab05261644944871eae4fe03e0ef1612fff0a4a95f87b438bc6780\windows-amd64\native-platform.dll
0x00007ff8674c0000 - 0x00007ff8674cd000 	C:\Program Files\Android\Android Studio\jre\jre\bin\management.dll
0x00007ff879c90000 - 0x00007ff879ca8000 	C:\WINDOWS\SYSTEM32\CRYPTSP.dll
0x00007ff8793f0000 - 0x00007ff879424000 	C:\WINDOWS\system32\rsaenh.dll
0x00007ff87a640000 - 0x00007ff87a667000 	C:\WINDOWS\System32\bcrypt.dll
0x00007ff87a1d0000 - 0x00007ff87a1fe000 	C:\WINDOWS\SYSTEM32\USERENV.dll
0x00007ff87aa40000 - 0x00007ff87aac0000 	C:\WINDOWS\System32\bcryptprimitives.dll
0x00007ff879cb0000 - 0x00007ff879cbc000 	C:\WINDOWS\SYSTEM32\CRYPTBASE.dll
0x00007ff879760000 - 0x00007ff87979b000 	C:\WINDOWS\SYSTEM32\IPHLPAPI.DLL
0x00007ff87b3c0000 - 0x00007ff87b3c8000 	C:\WINDOWS\System32\NSI.dll
0x00007ff874870000 - 0x00007ff874887000 	C:\WINDOWS\SYSTEM32\dhcpcsvc6.DLL
0x00007ff874500000 - 0x00007ff87451d000 	C:\WINDOWS\SYSTEM32\dhcpcsvc.DLL
0x00007ff8797b0000 - 0x00007ff87987b000 	C:\WINDOWS\SYSTEM32\DNSAPI.dll
0x00007ff874cb0000 - 0x00007ff874cbb000 	C:\WINDOWS\SYSTEM32\WINNSI.DLL

VM Arguments:
jvm_args: -Xmx2048m -Dfile.encoding=UTF-8 -Duser.country=RU -Duser.language=ru -Duser.variant 
java_command: org.gradle.launcher.daemon.bootstrap.GradleDaemon 6.5
java_class_path (initial): C:\Users\Serikov_VA\.gradle\wrapper\dists\gradle-6.5-all\2oz4ud9k3tuxjg84bbf55q0tn\gradle-6.5\lib\gradle-launcher-6.5.jar
Launcher Type: SUN_STANDARD

Environment Variables:
JAVA_HOME=C:\Program Files\Java\jdk-11.0.2
PATH=C:\Program Files (x86)\Intel\iCLS Client\;C:\Program Files\Intel\iCLS Client\;C:\WINDOWS\system32;C:\WINDOWS;C:\WINDOWS\System32\Wbem;C:\WINDOWS\System32\WindowsPowerShell\v1.0\;C:\Program Files (x86)\Intel\Intel(R) Management Engine Components\DAL;C:\Program Files\Intel\Intel(R) Management Engine Components\DAL;C:\Program Files (x86)\Intel\Intel(R) Management Engine Components\IPT;C:\Program Files\Intel\Intel(R) Management Engine Components\IPT;C:\PostgreSQL\pg10\bin;C:\MCNP5;C:\MCNP5\LANL\MCNP5\bin;C:\Program Files (x86)\Microsoft SQL Server\110\Tools\Binn\;C:\Program Files\Microsoft SQL Server\110\Tools\Binn\;C:\Program Files\Microsoft SQL Server\110\DTS\Binn\;C:\WINDOWS\System32\OpenSSH\;C:\Program Files\Java\jdk-11.0.2\bin;C:\Program Files\Java\java-1.8.0-openjdk-1.8.0.201-1\bin;C:\Program Files\Git\cmd;C:\Program Files (x86)\GitExtensions\;C:\Program Files\dotnet\;C:\Program Files (x86)\dotnet\;C:\Users\Serikov_VA\AppData\Local\Microsoft\WindowsApps;C:\Users\Serikov_VA\.dotnet\tools
USERNAME=Serikov_VA
DISPLAY=localhost:0.0
OS=Windows_NT
PROCESSOR_IDENTIFIER=Intel64 Family 6 Model 158 Stepping 9, GenuineIntel



---------------  S Y S T E M  ---------------

OS: Windows 10.0 , 64 bit Build 19041 (10.0.19041.804)

CPU:total 4 (initial active 4) (4 cores per cpu, 1 threads per core) family 6 model 158 stepping 9, cmov, cx8, fxsr, mmx, sse, sse2, sse3, ssse3, sse4.1, sse4.2, popcnt, avx, avx2, aes, clmul, erms, rtm, 3dnowpref, lzcnt, tsc, tscinvbit, bmi1, bmi2, adx

Memory: 4k page, physical 8273864k(905536k free), swap 33439688k(5676k free)

vm_info: OpenJDK 64-Bit Server VM (25.242-b01) for windows-amd64 JRE (1.8.0_242-release-1644-b01), built by "builder" with MS VC++ 10.0 (VS2010)

time: Thu Apr 08 16:24:07 2021
timezone: RTZ 2 (зима)
elapsed time: 144 seconds (0d 0h 2m 24s)

