#
# There is insufficient memory for the Java Runtime Environment to continue.
# Native memory allocation (malloc) failed to allocate 1392624 bytes for Chunk::new
# Possible reasons:
#   The system is out of physical RAM or swap space
#   The process is running with CompressedOops enabled, and the Java Heap may be blocking the growth of the native heap
# Possible solutions:
#   Reduce memory load on the system
#   Increase physical memory or swap space
#   Check if swap backing store is full
#   Decrease Java heap size (-Xmx/-Xms)
#   Decrease number of Java threads
#   Decrease Java thread stack sizes (-Xss)
#   Set larger code cache with -XX:ReservedCodeCacheSize=
#   JVM is running with Unscaled Compressed Oops mode in which the Java heap is
#     placed in the first 4GB address space. The Java Heap base address is the
#     maximum limit for the native heap growth. Please use -XX:HeapBaseMinAddress
#     to set the Java Heap base and to place the Java Heap above 4GB virtual address.
# This output file may be truncated or incomplete.
#
#  Out of Memory Error (allocation.cpp:389), pid=14660, tid=0x0000000000001c04
#
# JRE version: OpenJDK Runtime Environment (8.0_242-b01) (build 1.8.0_242-release-1644-b01)
# Java VM: OpenJDK 64-Bit Server VM (25.242-b01 mixed mode windows-amd64 compressed oops)
# Failed to write core dump. Minidumps are not enabled by default on client versions of Windows
#

---------------  T H R E A D  ---------------

Current thread (0x00000000173bb000):  JavaThread "C2 CompilerThread1" daemon [_thread_in_native, id=7172, stack(0x0000000018b40000,0x0000000018c40000)]

Stack: [0x0000000018b40000,0x0000000018c40000]
[error occurred during error reporting (printing stack bounds), id 0xc0000005]

Native frames: (J=compiled Java code, j=interpreted, Vv=VM code, C=native code)


Current CompileTask:
C2:  17313 11457       4       org.gradle.api.internal.artifacts.transform.ConsumerProvidedResolvedVariant::startVisit (77 bytes)


---------------  P R O C E S S  ---------------

Java Threads: ( => current thread )
  0x000000001b2be000 JavaThread "ForkJoinPool-1-worker-0" daemon [_thread_blocked, id=2420, stack(0x000000002d010000,0x000000002d110000)]
  0x000000001b2c1000 JavaThread "ForkJoinPool-1-worker-3" daemon [_thread_blocked, id=10856, stack(0x000000002cdd0000,0x000000002ced0000)]
  0x000000001b2c0800 JavaThread "ForkJoinPool-1-worker-2" daemon [_thread_blocked, id=14564, stack(0x000000002ccd0000,0x000000002cdd0000)]
  0x000000001b2bd800 JavaThread "ForkJoinPool-1-worker-1" daemon [_thread_blocked, id=15648, stack(0x000000002c040000,0x000000002c140000)]
  0x000000001b2c4000 JavaThread "WorkerExecutor Queue Thread 4" [_thread_blocked, id=15472, stack(0x000000002b5e0000,0x000000002b6e0000)]
  0x0000000021839800 JavaThread "WorkerExecutor Queue Thread 3" [_thread_blocked, id=8972, stack(0x000000002c3d0000,0x000000002c4d0000)]
  0x000000002183f800 JavaThread "WorkerExecutor Queue Thread 2" [_thread_blocked, id=17016, stack(0x000000002c2d0000,0x000000002c3d0000)]
  0x000000002183e800 JavaThread "WorkerExecutor Queue" [_thread_blocked, id=13560, stack(0x000000002c1d0000,0x000000002c2d0000)]
  0x000000002183e000 JavaThread "ForkJoinPool.commonPool-worker-3" daemon [_thread_blocked, id=3064, stack(0x000000002bf40000,0x000000002c040000)]
  0x000000002183b000 JavaThread "ForkJoinPool.commonPool-worker-2" daemon [_thread_blocked, id=18152, stack(0x000000002be40000,0x000000002bf40000)]
  0x0000000021840000 JavaThread "ForkJoinPool.commonPool-worker-1" daemon [_thread_blocked, id=16044, stack(0x000000002bd40000,0x000000002be40000)]
  0x0000000021832000 JavaThread "Cache worker for Java compile cache (D:\GitHub\AdjustmentDB\.gradle\6.5\javaCompile)" [_thread_blocked, id=9800, stack(0x000000002b4e0000,0x000000002b5e0000)]
  0x0000000021832800 JavaThread "Cache worker for Java compile cache (C:\Users\Serikov_VA\.gradle\caches\6.5\javaCompile)" [_thread_blocked, id=17816, stack(0x0000000029d70000,0x0000000029e70000)]
  0x0000000021835800 JavaThread "Cache worker for execution history cache (D:\GitHub\AdjustmentDB\.gradle\6.5\executionHistory)" [_thread_blocked, id=1408, stack(0x000000002b1e0000,0x000000002b2e0000)]
  0x0000000021838800 JavaThread "Execution worker for ':' Thread 3" [_thread_blocked, id=16996, stack(0x000000002a110000,0x000000002a210000)]
  0x0000000021838000 JavaThread "Execution worker for ':' Thread 2" [_thread_blocked, id=9712, stack(0x000000002a010000,0x000000002a110000)]
  0x0000000021833800 JavaThread "Execution worker for ':'" [_thread_blocked, id=1144, stack(0x0000000029f10000,0x000000002a010000)]
  0x00000000213f0800 JavaThread "Cache worker for file content cache (D:\GitHub\AdjustmentDB\.gradle\6.5\fileContent)" [_thread_blocked, id=14412, stack(0x0000000029670000,0x0000000029770000)]
  0x00000000213ea800 JavaThread "Memory manager" [_thread_blocked, id=11508, stack(0x00000000284e0000,0x00000000285e0000)]
  0x00000000213f0000 JavaThread "pool-1-thread-1" [_thread_blocked, id=8908, stack(0x0000000028290000,0x0000000028390000)]
  0x00000000213ef000 JavaThread "Cache worker for Build Output Cleanup Cache (D:\GitHub\AdjustmentDB\.gradle\buildOutputCleanup)" [_thread_blocked, id=9668, stack(0x00000000283e0000,0x00000000284e0000)]
  0x00000000213f1800 JavaThread "jar transforms Thread 94" [_thread_blocked, id=2636, stack(0x0000000027f90000,0x0000000028090000)]
  0x00000000213e9000 JavaThread "jar transforms Thread 93" [_thread_blocked, id=2184, stack(0x0000000027e90000,0x0000000027f90000)]
  0x00000000213ea000 JavaThread "jar transforms Thread 92" [_thread_blocked, id=6812, stack(0x0000000027d90000,0x0000000027e90000)]
  0x00000000213ec000 JavaThread "jar transforms Thread 91" [_thread_blocked, id=17564, stack(0x0000000027c90000,0x0000000027d90000)]
  0x00000000213e8800 JavaThread "jar transforms Thread 90" [_thread_blocked, id=5932, stack(0x0000000027b90000,0x0000000027c90000)]
  0x00000000213ee800 JavaThread "jar transforms Thread 89" [_thread_blocked, id=14872, stack(0x0000000027a90000,0x0000000027b90000)]
  0x00000000213ed800 JavaThread "jar transforms Thread 88" [_thread_blocked, id=5144, stack(0x0000000027990000,0x0000000027a90000)]
  0x00000000213eb800 JavaThread "jar transforms Thread 87" [_thread_blocked, id=5292, stack(0x0000000027890000,0x0000000027990000)]
  0x00000000213e6000 JavaThread "jar transforms Thread 86" [_thread_blocked, id=1776, stack(0x0000000027790000,0x0000000027890000)]
  0x00000000213e7800 JavaThread "jar transforms Thread 85" [_thread_blocked, id=10348, stack(0x0000000027690000,0x0000000027790000)]
  0x00000000213e2800 JavaThread "jar transforms Thread 84" [_thread_blocked, id=15428, stack(0x0000000027590000,0x0000000027690000)]
  0x00000000213e4800 JavaThread "jar transforms Thread 83" [_thread_blocked, id=17656, stack(0x0000000027490000,0x0000000027590000)]
  0x00000000213e3000 JavaThread "jar transforms Thread 82" [_thread_blocked, id=16960, stack(0x0000000027390000,0x0000000027490000)]
  0x00000000213e4000 JavaThread "jar transforms Thread 81" [_thread_blocked, id=2352, stack(0x0000000027290000,0x0000000027390000)]
  0x00000000213e7000 JavaThread "jar transforms Thread 80" [_thread_blocked, id=17576, stack(0x0000000027190000,0x0000000027290000)]
  0x00000000213e5800 JavaThread "jar transforms Thread 79" [_thread_blocked, id=17080, stack(0x0000000027090000,0x0000000027190000)]
  0x000000001f8fe000 JavaThread "jar transforms Thread 78" [_thread_blocked, id=6456, stack(0x0000000026f90000,0x0000000027090000)]
  0x000000001f8fd800 JavaThread "jar transforms Thread 77" [_thread_blocked, id=15776, stack(0x0000000026e90000,0x0000000026f90000)]
  0x000000001f8fc800 JavaThread "jar transforms Thread 76" [_thread_blocked, id=5684, stack(0x0000000026d90000,0x0000000026e90000)]
  0x000000001f8fa800 JavaThread "jar transforms Thread 75" [_thread_blocked, id=17692, stack(0x0000000026c90000,0x0000000026d90000)]
  0x000000001f8fb000 JavaThread "jar transforms Thread 74" [_thread_blocked, id=10740, stack(0x0000000026b90000,0x0000000026c90000)]
  0x000000001f8f9800 JavaThread "jar transforms Thread 73" [_thread_blocked, id=15112, stack(0x0000000026a90000,0x0000000026b90000)]
  0x000000001f8fc000 JavaThread "jar transforms Thread 72" [_thread_blocked, id=17356, stack(0x0000000026990000,0x0000000026a90000)]
  0x000000001f8f8000 JavaThread "jar transforms Thread 71" [_thread_blocked, id=13508, stack(0x0000000026890000,0x0000000026990000)]
  0x000000001f8f9000 JavaThread "jar transforms Thread 70" [_thread_blocked, id=4768, stack(0x0000000026790000,0x0000000026890000)]
  0x000000001f8f7800 JavaThread "jar transforms Thread 69" [_thread_blocked, id=16420, stack(0x0000000026690000,0x0000000026790000)]
  0x000000001f8f1800 JavaThread "jar transforms Thread 68" [_thread_blocked, id=11444, stack(0x0000000026590000,0x0000000026690000)]
  0x000000001f8f0000 JavaThread "jar transforms Thread 67" [_thread_blocked, id=17800, stack(0x0000000026490000,0x0000000026590000)]
  0x000000001f8f6800 JavaThread "jar transforms Thread 66" [_thread_blocked, id=15512, stack(0x0000000026390000,0x0000000026490000)]
  0x000000001f8f3800 JavaThread "jar transforms Thread 65" [_thread_blocked, id=10056, stack(0x0000000026290000,0x0000000026390000)]
  0x000000001f8f3000 JavaThread "jar transforms Thread 64" [_thread_blocked, id=17012, stack(0x0000000026190000,0x0000000026290000)]
  0x000000001f8f2000 JavaThread "jar transforms Thread 63" [_thread_blocked, id=17368, stack(0x0000000026090000,0x0000000026190000)]
  0x000000001f8ef000 JavaThread "jar transforms Thread 62" [_thread_blocked, id=11260, stack(0x0000000025f90000,0x0000000026090000)]
  0x000000001f8f5000 JavaThread "jar transforms Thread 61" [_thread_blocked, id=8524, stack(0x0000000025e90000,0x0000000025f90000)]
  0x000000001f8f6000 JavaThread "jar transforms Thread 60" [_thread_blocked, id=4140, stack(0x0000000025d90000,0x0000000025e90000)]
  0x000000001f8f4800 JavaThread "jar transforms Thread 59" [_thread_blocked, id=12484, stack(0x0000000025c90000,0x0000000025d90000)]
  0x000000001f8f0800 JavaThread "jar transforms Thread 58" [_thread_blocked, id=15416, stack(0x0000000025b90000,0x0000000025c90000)]
  0x000000001b92b800 JavaThread "jar transforms Thread 57" [_thread_blocked, id=10852, stack(0x0000000025a90000,0x0000000025b90000)]
  0x000000001b932800 JavaThread "jar transforms Thread 56" [_thread_blocked, id=16392, stack(0x0000000025990000,0x0000000025a90000)]
  0x000000001b92b000 JavaThread "jar transforms Thread 55" [_thread_blocked, id=14056, stack(0x0000000025890000,0x0000000025990000)]
  0x000000001b931800 JavaThread "jar transforms Thread 54" [_thread_blocked, id=7660, stack(0x0000000025790000,0x0000000025890000)]
  0x000000001b931000 JavaThread "jar transforms Thread 53" [_thread_blocked, id=2496, stack(0x0000000025690000,0x0000000025790000)]
  0x000000001b930000 JavaThread "jar transforms Thread 52" [_thread_blocked, id=9044, stack(0x0000000025590000,0x0000000025690000)]
  0x000000001b92f800 JavaThread "jar transforms Thread 51" [_thread_blocked, id=13200, stack(0x0000000025490000,0x0000000025590000)]
  0x000000001b92e000 JavaThread "jar transforms Thread 50" [_thread_blocked, id=9516, stack(0x0000000025390000,0x0000000025490000)]
  0x000000001b92e800 JavaThread "jar transforms Thread 49" [_thread_blocked, id=9104, stack(0x0000000025290000,0x0000000025390000)]
  0x000000001b92d000 JavaThread "jar transforms Thread 48" [_thread_blocked, id=1300, stack(0x0000000025190000,0x0000000025290000)]
  0x000000001b928000 JavaThread "jar transforms Thread 47" [_thread_blocked, id=13080, stack(0x0000000025090000,0x0000000025190000)]
  0x000000001b92c800 JavaThread "jar transforms Thread 46" [_thread_blocked, id=3336, stack(0x0000000024f90000,0x0000000025090000)]
  0x000000001b926800 JavaThread "jar transforms Thread 45" [_thread_blocked, id=10668, stack(0x0000000024e90000,0x0000000024f90000)]
  0x000000001b929800 JavaThread "jar transforms Thread 44" [_thread_blocked, id=17824, stack(0x0000000024d90000,0x0000000024e90000)]
  0x000000001b923800 JavaThread "jar transforms Thread 43" [_thread_blocked, id=10432, stack(0x0000000024c90000,0x0000000024d90000)]
  0x000000001b925000 JavaThread "jar transforms Thread 42" [_thread_blocked, id=14760, stack(0x0000000024b90000,0x0000000024c90000)]
  0x000000001b928800 JavaThread "jar transforms Thread 41" [_thread_blocked, id=18176, stack(0x0000000024a90000,0x0000000024b90000)]
  0x000000001b927000 JavaThread "jar transforms Thread 40" [_thread_blocked, id=8296, stack(0x0000000024990000,0x0000000024a90000)]
  0x000000001b924000 JavaThread "jar transforms Thread 39" [_thread_blocked, id=16820, stack(0x0000000024890000,0x0000000024990000)]
  0x000000001b92a000 JavaThread "jar transforms Thread 38" [_thread_blocked, id=17940, stack(0x0000000024790000,0x0000000024890000)]
  0x000000001b925800 JavaThread "jar transforms Thread 37" [_thread_blocked, id=11408, stack(0x0000000024690000,0x0000000024790000)]
  0x000000001b90e800 JavaThread "jar transforms Thread 36" [_thread_blocked, id=11112, stack(0x0000000024590000,0x0000000024690000)]
  0x000000001b90d800 JavaThread "jar transforms Thread 35" [_thread_blocked, id=11924, stack(0x0000000024490000,0x0000000024590000)]
  0x000000001b906000 JavaThread "jar transforms Thread 34" [_thread_blocked, id=15260, stack(0x0000000024390000,0x0000000024490000)]
  0x000000001b90c000 JavaThread "jar transforms Thread 33" [_thread_blocked, id=1720, stack(0x0000000024290000,0x0000000024390000)]
  0x000000001b908800 JavaThread "jar transforms Thread 32" [_thread_blocked, id=17748, stack(0x0000000024190000,0x0000000024290000)]
  0x000000001b907000 JavaThread "jar transforms Thread 31" [_thread_blocked, id=580, stack(0x0000000024090000,0x0000000024190000)]
  0x000000001b907800 JavaThread "jar transforms Thread 30" [_thread_blocked, id=3128, stack(0x0000000023f90000,0x0000000024090000)]
  0x000000001b90b800 JavaThread "jar transforms Thread 29" [_thread_blocked, id=760, stack(0x0000000023e90000,0x0000000023f90000)]
  0x000000001b90d000 JavaThread "jar transforms Thread 28" [_thread_blocked, id=18776, stack(0x0000000023d90000,0x0000000023e90000)]
  0x000000001b90a000 JavaThread "jar transforms Thread 27" [_thread_blocked, id=1980, stack(0x0000000023c90000,0x0000000023d90000)]
  0x000000001b909000 JavaThread "jar transforms Thread 26" [_thread_blocked, id=9352, stack(0x0000000023b90000,0x0000000023c90000)]
  0x000000001b90a800 JavaThread "jar transforms Thread 25" [_thread_blocked, id=9616, stack(0x0000000023a90000,0x0000000023b90000)]
  0x000000001b900000 JavaThread "jar transforms Thread 24" [_thread_blocked, id=16180, stack(0x0000000023990000,0x0000000023a90000)]
  0x000000001b8ff000 JavaThread "jar transforms Thread 23" [_thread_blocked, id=3968, stack(0x0000000023890000,0x0000000023990000)]
  0x000000001b905000 JavaThread "jar transforms Thread 22" [_thread_blocked, id=13060, stack(0x0000000023790000,0x0000000023890000)]
  0x000000001b904800 JavaThread "jar transforms Thread 21" [_thread_blocked, id=10008, stack(0x0000000023690000,0x0000000023790000)]
  0x000000001b902000 JavaThread "jar transforms Thread 20" [_thread_blocked, id=12920, stack(0x0000000023590000,0x0000000023690000)]
  0x000000001b901800 JavaThread "jar transforms Thread 19" [_thread_blocked, id=1896, stack(0x0000000023490000,0x0000000023590000)]
  0x000000001b900800 JavaThread "jar transforms Thread 18" [_thread_blocked, id=4852, stack(0x0000000023390000,0x0000000023490000)]
  0x000000001b903800 JavaThread "jar transforms Thread 17" [_thread_blocked, id=6160, stack(0x0000000023290000,0x0000000023390000)]
  0x000000001b903000 JavaThread "jar transforms Thread 16" [_thread_blocked, id=4260, stack(0x0000000023190000,0x0000000023290000)]
  0x000000001f26d000 JavaThread "jar transforms Thread 15" [_thread_blocked, id=17040, stack(0x0000000023090000,0x0000000023190000)]
  0x000000001f26c800 JavaThread "jar transforms Thread 14" [_thread_blocked, id=10116, stack(0x0000000022f90000,0x0000000023090000)]
  0x000000001f26a000 JavaThread "jar transforms Thread 13" [_thread_blocked, id=15080, stack(0x0000000022e90000,0x0000000022f90000)]
  0x000000001f26b800 JavaThread "jar transforms Thread 12" [_thread_blocked, id=10632, stack(0x0000000022d90000,0x0000000022e90000)]
  0x000000001f269800 JavaThread "jar transforms Thread 11" [_thread_blocked, id=7056, stack(0x0000000022c90000,0x0000000022d90000)]
  0x000000001f268800 JavaThread "jar transforms Thread 10" [_thread_blocked, id=11744, stack(0x0000000022b90000,0x0000000022c90000)]
  0x000000001f26b000 JavaThread "jar transforms Thread 9" [_thread_blocked, id=7888, stack(0x0000000022a90000,0x0000000022b90000)]
  0x000000001f261000 JavaThread "jar transforms Thread 8" [_thread_blocked, id=13628, stack(0x0000000022990000,0x0000000022a90000)]
  0x000000001f268000 JavaThread "jar transforms Thread 7" [_thread_blocked, id=10292, stack(0x0000000022890000,0x0000000022990000)]
  0x000000001f260800 JavaThread "jar transforms Thread 6" [_thread_blocked, id=9500, stack(0x0000000022790000,0x0000000022890000)]
  0x000000001f267000 JavaThread "jar transforms Thread 5" [_thread_blocked, id=15084, stack(0x0000000022690000,0x0000000022790000)]
  0x000000001f265800 JavaThread "jar transforms Thread 4" [_thread_blocked, id=16204, stack(0x0000000022100000,0x0000000022200000)]
  0x000000001f265000 JavaThread "jar transforms Thread 3" [_thread_blocked, id=18264, stack(0x0000000022000000,0x0000000022100000)]
  0x000000001f266800 JavaThread "jar transforms Thread 2" [_thread_blocked, id=4032, stack(0x0000000021f00000,0x0000000022000000)]
  0x000000001f25f800 JavaThread "Build operations Thread 4" [_thread_blocked, id=14084, stack(0x0000000022590000,0x0000000022690000)]
  0x000000001f263800 JavaThread "Build operations Thread 3" [_thread_blocked, id=15336, stack(0x0000000022490000,0x0000000022590000)]
  0x000000001f262000 JavaThread "Build operations Thread 2" [_thread_blocked, id=684, stack(0x0000000022390000,0x0000000022490000)]
  0x000000001f25e000 JavaThread "Build operations" [_thread_blocked, id=11000, stack(0x0000000022290000,0x0000000022390000)]
  0x000000001affd000 JavaThread "Cache worker for file content cache (C:\Users\Serikov_VA\.gradle\caches\6.5\fileContent)" [_thread_blocked, id=18348, stack(0x0000000020830000,0x0000000020930000)]
  0x000000001affc000 JavaThread "jar transforms" [_thread_blocked, id=12260, stack(0x0000000020730000,0x0000000020830000)]
  0x000000001affe800 JavaThread "Cache worker for execution history cache (C:\Users\Serikov_VA\.gradle\caches\6.5\executionHistory)" [_thread_blocked, id=15304, stack(0x0000000020030000,0x0000000020130000)]
  0x000000001b001800 JavaThread "Cache worker for cache directory md-rule (C:\Users\Serikov_VA\.gradle\caches\6.5\md-rule)" [_thread_blocked, id=14876, stack(0x000000001ff30000,0x0000000020030000)]
  0x000000001b003000 JavaThread "Cache worker for cache directory md-supplier (C:\Users\Serikov_VA\.gradle\caches\6.5\md-supplier)" [_thread_blocked, id=18332, stack(0x000000001fe30000,0x000000001ff30000)]
  0x000000001b000800 JavaThread "Cache worker for checksums cache (D:\GitHub\AdjustmentDB\.gradle\checksums)" [_thread_blocked, id=4432, stack(0x000000001ea90000,0x000000001eb90000)]
  0x000000001b000000 JavaThread "Cache worker for file hash cache (D:\GitHub\AdjustmentDB\.gradle\6.5\fileHashes)" [_thread_blocked, id=6764, stack(0x000000001d490000,0x000000001d590000)]
  0x000000001afff000 JavaThread "Cache worker for file hash cache (C:\Users\Serikov_VA\.gradle\caches\6.5\fileHashes)" [_thread_blocked, id=18476, stack(0x000000001d5c0000,0x000000001d6c0000)]
  0x000000001b002000 JavaThread "File lock request listener" [_thread_in_native, id=11556, stack(0x000000001d390000,0x000000001d490000)]
  0x000000001a6cb800 JavaThread "Cache worker for journal cache (C:\Users\Serikov_VA\.gradle\caches\journal-1)" [_thread_blocked, id=12256, stack(0x000000001d190000,0x000000001d290000)]
  0x000000001944b800 JavaThread "Thread-9" [_thread_blocked, id=9740, stack(0x000000001ce90000,0x000000001cf90000)]
  0x0000000019449000 JavaThread "Stdin handler" [_thread_blocked, id=19156, stack(0x000000001cd90000,0x000000001ce90000)]
  0x0000000019434800 JavaThread "Asynchronous log dispatcher for DefaultDaemonConnection: socket connection from /127.0.0.1:54602 to /127.0.0.1:54603" [_thread_blocked, id=13380, stack(0x000000001cc90000,0x000000001cd90000)]
  0x000000001961b000 JavaThread "Daemon worker" [_thread_blocked, id=17100, stack(0x000000001cb90000,0x000000001cc90000)]
  0x000000001961a000 JavaThread "Cancel handler" [_thread_blocked, id=11840, stack(0x000000001ca90000,0x000000001cb90000)]
  0x000000001ab0b000 JavaThread "Handler for socket connection from /127.0.0.1:54602 to /127.0.0.1:54603" [_thread_in_native, id=15464, stack(0x000000001c790000,0x000000001c890000)]
  0x000000001ab08000 JavaThread "Daemon" [_thread_blocked, id=7504, stack(0x000000001c690000,0x000000001c790000)]
  0x000000001ad71000 JavaThread "Daemon periodic checks" [_thread_blocked, id=18780, stack(0x000000001c590000,0x000000001c690000)]
  0x000000001ad6f000 JavaThread "Incoming local TCP Connector on port 54602" [_thread_in_native, id=15788, stack(0x000000001c340000,0x000000001c440000)]
  0x000000001ad18000 JavaThread "Daemon health stats" [_thread_blocked, id=5404, stack(0x000000001bce0000,0x000000001bde0000)]
  0x000000001740e800 JavaThread "Service Thread" daemon [_thread_blocked, id=6188, stack(0x0000000019140000,0x0000000019240000)]
  0x00000000173c2000 JavaThread "C1 CompilerThread2" daemon [_thread_in_native, id=13548, stack(0x0000000018c40000,0x0000000018d40000)]
=>0x00000000173bb000 JavaThread "C2 CompilerThread1" daemon [_thread_in_native, id=7172, stack(0x0000000018b40000,0x0000000018c40000)]
  0x00000000173b7000 JavaThread "C2 CompilerThread0" daemon [_thread_in_native, id=12876, stack(0x0000000018a40000,0x0000000018b40000)]
  0x00000000173b5800 JavaThread "Attach Listener" daemon [_thread_blocked, id=18424, stack(0x0000000018940000,0x0000000018a40000)]
  0x00000000173b4000 JavaThread "Signal Dispatcher" daemon [_thread_blocked, id=12020, stack(0x0000000018840000,0x0000000018940000)]
  0x000000000275b800 JavaThread "Finalizer" daemon [_thread_blocked, id=3176, stack(0x0000000018630000,0x0000000018730000)]
  0x0000000017399000 JavaThread "Reference Handler" daemon [_thread_blocked, id=2508, stack(0x0000000018530000,0x0000000018630000)]
  0x0000000002662800 JavaThread "main" [_thread_blocked, id=8868, stack(0x0000000002560000,0x0000000002660000)]

Other Threads:
  0x0000000017375800 VMThread [stack: 0x0000000018430000,0x0000000018530000] [id=7040]
  0x0000000018d72800 WatcherThread [stack: 0x0000000019240000,0x0000000019340000] [id=18824]

VM state:not at safepoint (normal execution)

VM Mutex/Monitor currently owned by a thread: None

heap address: 0x0000000080000000, size: 2048 MB, Compressed Oops mode: 32-bit
Narrow klass base: 0x0000000000000000, Narrow klass shift: 3
Compressed class space size: 1073741824 Address: 0x0000000100000000

Heap:
 PSYoungGen      total 268800K, used 28180K [0x00000000d5580000, 0x00000000e8200000, 0x0000000100000000)
  eden space 247296K, 11% used [0x00000000d5580000,0x00000000d71052e0,0x00000000e4700000)
  from space 21504K, 0% used [0x00000000e5c00000,0x00000000e5c00000,0x00000000e7100000)
  to   space 21504K, 0% used [0x00000000e4700000,0x00000000e4700000,0x00000000e5c00000)
 ParOldGen       total 104960K, used 104954K [0x0000000080000000, 0x0000000086680000, 0x00000000d5580000)
  object space 104960K, 99% used [0x0000000080000000,0x000000008667eb50,0x0000000086680000)
 Metaspace       used 81433K, capacity 85786K, committed 86040K, reserved 1124352K
  class space    used 11245K, capacity 12060K, committed 12080K, reserved 1048576K

Card table byte_map: [0x0000000011b20000,0x0000000011f30000] byte_map_base: 0x0000000011720000

Marking Bits: (ParMarkBitMap*) 0x000000005bcbf030
 Begin Bits: [0x00000000125e0000, 0x00000000145e0000)
 End Bits:   [0x00000000145e0000, 0x00000000165e0000)

Polling page: 0x0000000000b10000

CodeCache: size=245760Kb used=31143Kb max_used=32552Kb free=214616Kb
 bounds [0x0000000002760000, 0x0000000004750000, 0x0000000011760000]
 total_blobs=10694 nmethods=9859 adapters=747
 compilation: enabled

Compilation events (10 events):
Event: 17.308 Thread 0x00000000173c2000 nmethod 11752 0x000000000331e890 code [0x000000000331ea60, 0x000000000331ee28]
Event: 17.309 Thread 0x00000000173c2000 11749       2       com.android.tools.r8.graph.j0::C (8 bytes)
Event: 17.309 Thread 0x00000000173c2000 nmethod 11749 0x000000000397e350 code [0x000000000397e4e0, 0x000000000397e828]
Event: 17.310 Thread 0x00000000173c2000 11740       2       java.util.concurrent.ForkJoinTask::get (69 bytes)
Event: 17.310 Thread 0x00000000173c2000 nmethod 11740 0x0000000002a6ef90 code [0x0000000002a6f140, 0x0000000002a6f4f8]
Event: 17.311 Thread 0x00000000173c2000 11742       2       com.android.tools.r8.utils.R0$$Lambda$742/708428402::get$Lambda (9 bytes)
Event: 17.311 Thread 0x00000000173c2000 nmethod 11742 0x0000000003b5d3d0 code [0x0000000003b5d520, 0x0000000003b5d6b0]
Event: 17.312 Thread 0x00000000173c2000 11743       2       com.android.tools.r8.utils.R0$$Lambda$742/708428402::<init> (10 bytes)
Event: 17.312 Thread 0x00000000173c2000 nmethod 11743 0x0000000003e93dd0 code [0x0000000003e93f20, 0x0000000003e94090]
Event: 17.313 Thread 0x00000000173c2000 11723       2       com.android.tools.r8.graph.n1::<init> (7 bytes)

GC Heap History (10 events):
Event: 14.040 GC heap before
{Heap before GC invocations=17 (full 3):
 PSYoungGen      total 268800K, used 268792K [0x00000000d5580000, 0x00000000e8200000, 0x0000000100000000)
  eden space 247296K, 100% used [0x00000000d5580000,0x00000000e4700000,0x00000000e4700000)
  from space 21504K, 99% used [0x00000000e4700000,0x00000000e5bfe038,0x00000000e5c00000)
  to   space 21504K, 0% used [0x00000000e5c00000,0x00000000e5c00000,0x00000000e7100000)
 ParOldGen       total 104960K, used 36407K [0x0000000080000000, 0x0000000086680000, 0x00000000d5580000)
  object space 104960K, 34% used [0x0000000080000000,0x000000008238dc68,0x0000000086680000)
 Metaspace       used 71181K, capacity 74496K, committed 74648K, reserved 1114112K
  class space    used 9682K, capacity 10319K, committed 10416K, reserved 1048576K
Event: 14.077 GC heap after
Heap after GC invocations=17 (full 3):
 PSYoungGen      total 268800K, used 21489K [0x00000000d5580000, 0x00000000e8200000, 0x0000000100000000)
  eden space 247296K, 0% used [0x00000000d5580000,0x00000000d5580000,0x00000000e4700000)
  from space 21504K, 99% used [0x00000000e5c00000,0x00000000e70fc7d0,0x00000000e7100000)
  to   space 21504K, 0% used [0x00000000e4700000,0x00000000e4700000,0x00000000e5c00000)
 ParOldGen       total 104960K, used 57647K [0x0000000080000000, 0x0000000086680000, 0x00000000d5580000)
  object space 104960K, 54% used [0x0000000080000000,0x000000008384bc70,0x0000000086680000)
 Metaspace       used 71181K, capacity 74496K, committed 74648K, reserved 1114112K
  class space    used 9682K, capacity 10319K, committed 10416K, reserved 1048576K
}
Event: 14.803 GC heap before
{Heap before GC invocations=18 (full 3):
 PSYoungGen      total 268800K, used 268785K [0x00000000d5580000, 0x00000000e8200000, 0x0000000100000000)
  eden space 247296K, 100% used [0x00000000d5580000,0x00000000e4700000,0x00000000e4700000)
  from space 21504K, 99% used [0x00000000e5c00000,0x00000000e70fc7d0,0x00000000e7100000)
  to   space 21504K, 0% used [0x00000000e4700000,0x00000000e4700000,0x00000000e5c00000)
 ParOldGen       total 104960K, used 57647K [0x0000000080000000, 0x0000000086680000, 0x00000000d5580000)
  object space 104960K, 54% used [0x0000000080000000,0x000000008384bc70,0x0000000086680000)
 Metaspace       used 71844K, capacity 75210K, committed 75416K, reserved 1114112K
  class space    used 9736K, capacity 10394K, committed 10416K, reserved 1048576K
Event: 14.830 GC heap after
Heap after GC invocations=18 (full 3):
 PSYoungGen      total 268800K, used 16875K [0x00000000d5580000, 0x00000000e8200000, 0x0000000100000000)
  eden space 247296K, 0% used [0x00000000d5580000,0x00000000d5580000,0x00000000e4700000)
  from space 21504K, 78% used [0x00000000e4700000,0x00000000e577aee0,0x00000000e5c00000)
  to   space 21504K, 0% used [0x00000000e5c00000,0x00000000e5c00000,0x00000000e7100000)
 ParOldGen       total 104960K, used 76807K [0x0000000080000000, 0x0000000086680000, 0x00000000d5580000)
  object space 104960K, 73% used [0x0000000080000000,0x0000000084b01d98,0x0000000086680000)
 Metaspace       used 71844K, capacity 75210K, committed 75416K, reserved 1114112K
  class space    used 9736K, capacity 10394K, committed 10416K, reserved 1048576K
}
Event: 15.320 GC heap before
{Heap before GC invocations=19 (full 3):
 PSYoungGen      total 268800K, used 264171K [0x00000000d5580000, 0x00000000e8200000, 0x0000000100000000)
  eden space 247296K, 100% used [0x00000000d5580000,0x00000000e4700000,0x00000000e4700000)
  from space 21504K, 78% used [0x00000000e4700000,0x00000000e577aee0,0x00000000e5c00000)
  to   space 21504K, 0% used [0x00000000e5c00000,0x00000000e5c00000,0x00000000e7100000)
 ParOldGen       total 104960K, used 76807K [0x0000000080000000, 0x0000000086680000, 0x00000000d5580000)
  object space 104960K, 73% used [0x0000000080000000,0x0000000084b01d98,0x0000000086680000)
 Metaspace       used 71860K, capacity 75210K, committed 75416K, reserved 1114112K
  class space    used 9738K, capacity 10394K, committed 10416K, reserved 1048576K
Event: 15.342 GC heap after
Heap after GC invocations=19 (full 3):
 PSYoungGen      total 268800K, used 21496K [0x00000000d5580000, 0x00000000e8200000, 0x0000000100000000)
  eden space 247296K, 0% used [0x00000000d5580000,0x00000000d5580000,0x00000000e4700000)
  from space 21504K, 99% used [0x00000000e5c00000,0x00000000e70fe328,0x00000000e7100000)
  to   space 21504K, 0% used [0x00000000e4700000,0x00000000e4700000,0x00000000e5c00000)
 ParOldGen       total 104960K, used 91317K [0x0000000080000000, 0x0000000086680000, 0x00000000d5580000)
  object space 104960K, 87% used [0x0000000080000000,0x000000008592d638,0x0000000086680000)
 Metaspace       used 71860K, capacity 75210K, committed 75416K, reserved 1114112K
  class space    used 9738K, capacity 10394K, committed 10416K, reserved 1048576K
}
Event: 15.342 GC heap before
{Heap before GC invocations=20 (full 4):
 PSYoungGen      total 268800K, used 21496K [0x00000000d5580000, 0x00000000e8200000, 0x0000000100000000)
  eden space 247296K, 0% used [0x00000000d5580000,0x00000000d5580000,0x00000000e4700000)
  from space 21504K, 99% used [0x00000000e5c00000,0x00000000e70fe328,0x00000000e7100000)
  to   space 21504K, 0% used [0x00000000e4700000,0x00000000e4700000,0x00000000e5c00000)
 ParOldGen       total 104960K, used 91317K [0x0000000080000000, 0x0000000086680000, 0x00000000d5580000)
  object space 104960K, 87% used [0x0000000080000000,0x000000008592d638,0x0000000086680000)
 Metaspace       used 71860K, capacity 75210K, committed 75416K, reserved 1114112K
  class space    used 9738K, capacity 10394K, committed 10416K, reserved 1048576K
Event: 15.547 GC heap after
Heap after GC invocations=20 (full 4):
 PSYoungGen      total 268800K, used 0K [0x00000000d5580000, 0x00000000e8200000, 0x0000000100000000)
  eden space 247296K, 0% used [0x00000000d5580000,0x00000000d5580000,0x00000000e4700000)
  from space 21504K, 0% used [0x00000000e5c00000,0x00000000e5c00000,0x00000000e7100000)
  to   space 21504K, 0% used [0x00000000e4700000,0x00000000e4700000,0x00000000e5c00000)
 ParOldGen       total 104960K, used 99953K [0x0000000080000000, 0x0000000086680000, 0x00000000d5580000)
  object space 104960K, 95% used [0x0000000080000000,0x000000008619c4d0,0x0000000086680000)
 Metaspace       used 71819K, capacity 75090K, committed 75416K, reserved 1114112K
  class space    used 9726K, capacity 10372K, committed 10416K, reserved 1048576K
}
Event: 16.699 GC heap before
{Heap before GC invocations=21 (full 5):
 PSYoungGen      total 268800K, used 247183K [0x00000000d5580000, 0x00000000e8200000, 0x0000000100000000)
  eden space 247296K, 99% used [0x00000000d5580000,0x00000000e46e3d80,0x00000000e4700000)
  from space 21504K, 0% used [0x00000000e5c00000,0x00000000e5c00000,0x00000000e7100000)
  to   space 21504K, 0% used [0x00000000e4700000,0x00000000e4700000,0x00000000e5c00000)
 ParOldGen       total 104960K, used 99953K [0x0000000080000000, 0x0000000086680000, 0x00000000d5580000)
  object space 104960K, 95% used [0x0000000080000000,0x000000008619c4d0,0x0000000086680000)
 Metaspace       used 80773K, capacity 85000K, committed 85144K, reserved 1122304K
  class space    used 11112K, capacity 11917K, committed 11952K, reserved 1048576K
Event: 17.172 GC heap after
Heap after GC invocations=21 (full 5):
 PSYoungGen      total 268800K, used 4468K [0x00000000d5580000, 0x00000000e8200000, 0x0000000100000000)
  eden space 247296K, 1% used [0x00000000d5580000,0x00000000d59dd388,0x00000000e4700000)
  from space 21504K, 0% used [0x00000000e5c00000,0x00000000e5c00000,0x00000000e7100000)
  to   space 21504K, 0% used [0x00000000e4700000,0x00000000e4700000,0x00000000e5c00000)
 ParOldGen       total 104960K, used 104954K [0x0000000080000000, 0x0000000086680000, 0x00000000d5580000)
  object space 104960K, 99% used [0x0000000080000000,0x000000008667eb50,0x0000000086680000)
 Metaspace       used 80758K, capacity 84958K, committed 85144K, reserved 1122304K
  class space    used 11107K, capacity 11908K, committed 11952K, reserved 1048576K
}

Deoptimization events (10 events):
Event: 16.336 Thread 0x000000002183e800 Uncommon trap: reason=unstable_if action=reinterpret pc=0x000000000335277c method=com.android.tools.r8.utils.Y.d(I)Z @ 45
Event: 16.376 Thread 0x000000002183e800 Uncommon trap: reason=unstable_if action=reinterpret pc=0x0000000004170c3c method=com.android.tools.r8.graph.i0.a([C)I @ 44
Event: 16.380 Thread 0x000000002183e800 Uncommon trap: reason=class_check action=maybe_recompile pc=0x000000000337d934 method=java.util.stream.ReduceOps$3.getOpFlags()I @ 12
Event: 16.381 Thread 0x000000002183e800 Uncommon trap: reason=bimorphic action=maybe_recompile pc=0x0000000003ef9f6c method=java.util.stream.ReferencePipeline.collect(Ljava/util/stream/Collector;)Ljava/lang/Object; @ 118
Event: 16.506 Thread 0x000000001961b000 Uncommon trap: reason=unstable_if action=reinterpret pc=0x0000000003abf9d4 method=com.google.common.collect.MapMakerInternalMap$Segment.getEntry(Ljava/lang/Object;I)Lcom/google/common/collect/MapMakerInternalMap$InternalEntry; @ 40
Event: 16.593 Thread 0x000000001f25e000 Uncommon trap: reason=unstable_if action=reinterpret pc=0x0000000003c04fc4 method=java.util.concurrent.ConcurrentLinkedQueue.poll()Ljava/lang/Object; @ 25
Event: 16.697 Thread 0x0000000021839800 Uncommon trap: reason=unstable_if action=reinterpret pc=0x00000000032803d4 method=java.nio.Bits.getShort(Ljava/nio/ByteBuffer;IZ)S @ 1
Event: 17.252 Thread 0x000000001b2c1000 Uncommon trap: reason=unstable_if action=reinterpret pc=0x00000000030cf470 method=java.util.Arrays.hashCode([Ljava/lang/Object;)I @ 1
Event: 17.252 Thread 0x000000001b2c0800 Uncommon trap: reason=unstable_if action=reinterpret pc=0x00000000030cf470 method=java.util.Arrays.hashCode([Ljava/lang/Object;)I @ 1
Event: 17.256 Thread 0x000000001b2c1000 Uncommon trap: reason=unstable_if action=reinterpret pc=0x00000000046abebc method=com.android.tools.r8.graph.i0.b(Lcom/android/tools/r8/graph/i0;)I @ 44

Classes redefined (0 events):
No events

Internal exceptions (10 events):
Event: 15.986 Thread 0x000000002183e800 Exception <a 'java/lang/IncompatibleClassChangeError': Found class java.lang.Object, but interface was expected> (0x00000000e06787c8) thrown at [C:\src\AOSP-openjdk-git\hotspot\src\share\vm\interpreter\linkResolver.cpp, line 653]
Event: 16.214 Thread 0x000000002183e800 Exception <a 'java/lang/NoSuchMethodError': java.lang.Object.lambda$maxBy$1(Ljava/util/Comparator;Ljava/lang/Object;Ljava/lang/Object;)Ljava/lang/Object;> (0x00000000e194d3a0) thrown at [C:\src\AOSP-openjdk-git\hotspot\src\share\vm\interpreter\linkResolve
Event: 16.244 Thread 0x000000002183e800 Exception <a 'java/lang/NoSuchMethodError': java.lang.Object.b(Lcom/android/tools/r8/graph/p1$b;)Lcom/android/tools/r8/graph/p1$b;> (0x00000000e1b5ea48) thrown at [C:\src\AOSP-openjdk-git\hotspot\src\share\vm\interpreter\linkResolver.cpp, line 620]
Event: 16.481 Thread 0x000000002183e800 Exception <a 'sun/nio/fs/WindowsException'> (0x00000000e2b0d848) thrown at [C:\src\AOSP-openjdk-git\hotspot\src\share\vm\prims\jni.cpp, line 710]
Event: 16.501 Thread 0x0000000021838000 Exception <a 'java/lang/NoSuchMethodError': <clinit>> (0x00000000e2c28380) thrown at [C:\src\AOSP-openjdk-git\hotspot\src\share\vm\prims\jni.cpp, line 1615]
Event: 16.502 Thread 0x0000000021838000 Exception <a 'java/lang/NoSuchMethodError': <clinit>> (0x00000000e2c3ba38) thrown at [C:\src\AOSP-openjdk-git\hotspot\src\share\vm\prims\jni.cpp, line 1615]
Event: 16.506 Thread 0x000000001961b000 Implicit null exception at 0x0000000003abf543 to 0x0000000003abf9b1
Event: 16.693 Thread 0x0000000021839800 Exception <a 'sun/nio/fs/WindowsException'> (0x00000000e4488978) thrown at [C:\src\AOSP-openjdk-git\hotspot\src\share\vm\prims\jni.cpp, line 710]
Event: 17.252 Thread 0x000000001b2c1000 Implicit null exception at 0x00000000030cf36f to 0x00000000030cf461
Event: 17.252 Thread 0x000000001b2c0800 Implicit null exception at 0x00000000030cf36f to 0x00000000030cf461

Events (10 events):
Event: 17.312 Thread 0x00000000173c2000 flushing nmethod 0x000000000411a110
Event: 17.312 Thread 0x00000000173c2000 flushing nmethod 0x000000000436f390
Event: 17.312 Thread 0x00000000173c2000 flushing nmethod 0x0000000004371690
Event: 17.312 Thread 0x00000000173c2000 flushing nmethod 0x0000000004371b50
Event: 17.312 Thread 0x00000000173c2000 flushing nmethod 0x0000000004375c50
Event: 17.312 Thread 0x00000000173c2000 flushing nmethod 0x000000000439fe90
Event: 17.312 Thread 0x00000000173c2000 flushing nmethod 0x00000000043be650
Event: 17.312 Thread 0x00000000173c2000 flushing nmethod 0x00000000043cb850
Event: 17.313 Thread 0x00000000173c2000 flushing nmethod 0x00000000043fad10
Event: 17.313 Executing VM operation: RevokeBias


Dynamic libraries:
0x00007ff62cbf0000 - 0x00007ff62cc21000 	C:\Program Files\Android\Android Studio\jre\bin\java.exe
0x00007ff87cb90000 - 0x00007ff87cd85000 	C:\WINDOWS\SYSTEM32\ntdll.dll
0x00007ff87b6a0000 - 0x00007ff87b75d000 	C:\WINDOWS\System32\KERNEL32.DLL
0x00007ff87a670000 - 0x00007ff87a939000 	C:\WINDOWS\System32\KERNELBASE.dll
0x00007ff87c720000 - 0x00007ff87c7cc000 	C:\WINDOWS\System32\ADVAPI32.dll
0x00007ff87ca40000 - 0x00007ff87cade000 	C:\WINDOWS\System32\msvcrt.dll
0x00007ff87b790000 - 0x00007ff87b82c000 	C:\WINDOWS\System32\sechost.dll
0x00007ff87c850000 - 0x00007ff87c97b000 	C:\WINDOWS\System32\RPCRT4.dll
0x00007ff87abf0000 - 0x00007ff87ad90000 	C:\WINDOWS\System32\USER32.dll
0x00007ff87abc0000 - 0x00007ff87abe2000 	C:\WINDOWS\System32\win32u.dll
0x00007ff87b5e0000 - 0x00007ff87b60a000 	C:\WINDOWS\System32\GDI32.dll
0x00007ff87a480000 - 0x00007ff87a58b000 	C:\WINDOWS\System32\gdi32full.dll
0x00007ff87a9a0000 - 0x00007ff87aa3d000 	C:\WINDOWS\System32\msvcp_win.dll
0x00007ff87aac0000 - 0x00007ff87abc0000 	C:\WINDOWS\System32\ucrtbase.dll
0x00007ff84d010000 - 0x00007ff84d2aa000 	C:\WINDOWS\WinSxS\amd64_microsoft.windows.common-controls_6595b64144ccf1df_6.0.19041.844_none_ca00b6081b84eb1d\COMCTL32.dll
0x00007ff87b760000 - 0x00007ff87b790000 	C:\WINDOWS\System32\IMM32.DLL
0x000000005c800000 - 0x000000005c8d2000 	C:\Program Files\Android\Android Studio\jre\jre\bin\msvcr100.dll
0x000000005b4f0000 - 0x000000005bd3b000 	C:\Program Files\Android\Android Studio\jre\jre\bin\server\jvm.dll
0x00007ff87b830000 - 0x00007ff87b838000 	C:\WINDOWS\System32\PSAPI.DLL
0x00007ff868430000 - 0x00007ff868439000 	C:\WINDOWS\SYSTEM32\WSOCK32.dll
0x00007ff84e630000 - 0x00007ff84e657000 	C:\WINDOWS\SYSTEM32\WINMM.dll
0x00007ff87cae0000 - 0x00007ff87cb4b000 	C:\WINDOWS\System32\WS2_32.dll
0x00007ff870bc0000 - 0x00007ff870bca000 	C:\WINDOWS\SYSTEM32\VERSION.dll
0x00007ff868420000 - 0x00007ff86842f000 	C:\Program Files\Android\Android Studio\jre\jre\bin\verify.dll
0x00007ff85ec70000 - 0x00007ff85ec99000 	C:\Program Files\Android\Android Studio\jre\jre\bin\java.dll
0x00007ff8682c0000 - 0x00007ff8682d6000 	C:\Program Files\Android\Android Studio\jre\jre\bin\zip.dll
0x00007ff87bfd0000 - 0x00007ff87c712000 	C:\WINDOWS\System32\SHELL32.dll
0x00007ff878450000 - 0x00007ff878be0000 	C:\WINDOWS\SYSTEM32\windows.storage.dll
0x00007ff87b850000 - 0x00007ff87bba5000 	C:\WINDOWS\System32\combase.dll
0x00007ff879d40000 - 0x00007ff879d6c000 	C:\WINDOWS\SYSTEM32\Wldp.dll
0x00007ff87aea0000 - 0x00007ff87af4e000 	C:\WINDOWS\System32\SHCORE.dll
0x00007ff87c980000 - 0x00007ff87c9d5000 	C:\WINDOWS\System32\shlwapi.dll
0x00007ff87a210000 - 0x00007ff87a22f000 	C:\WINDOWS\SYSTEM32\profapi.dll
0x00007ff85f900000 - 0x00007ff85f91a000 	C:\Program Files\Android\Android Studio\jre\jre\bin\net.dll
0x00007ff879ac0000 - 0x00007ff879b2a000 	C:\WINDOWS\system32\mswsock.dll
0x00007ff85e6d0000 - 0x00007ff85e6e3000 	C:\Program Files\Android\Android Studio\jre\jre\bin\nio.dll
0x00007ff870b70000 - 0x00007ff870b97000 	C:\Users\Serikov_VA\.gradle\native\f6784746aeab05261644944871eae4fe03e0ef1612fff0a4a95f87b438bc6780\windows-amd64\native-platform.dll
0x00007ff8674c0000 - 0x00007ff8674cd000 	C:\Program Files\Android\Android Studio\jre\jre\bin\management.dll
0x00007ff879c90000 - 0x00007ff879ca8000 	C:\WINDOWS\SYSTEM32\CRYPTSP.dll
0x00007ff8793f0000 - 0x00007ff879424000 	C:\WINDOWS\system32\rsaenh.dll
0x00007ff87a640000 - 0x00007ff87a667000 	C:\WINDOWS\System32\bcrypt.dll
0x00007ff87a1d0000 - 0x00007ff87a1fe000 	C:\WINDOWS\SYSTEM32\USERENV.dll
0x00007ff87aa40000 - 0x00007ff87aac0000 	C:\WINDOWS\System32\bcryptprimitives.dll
0x00007ff879cb0000 - 0x00007ff879cbc000 	C:\WINDOWS\SYSTEM32\CRYPTBASE.dll
0x00007ff879760000 - 0x00007ff87979b000 	C:\WINDOWS\SYSTEM32\IPHLPAPI.DLL
0x00007ff87b3c0000 - 0x00007ff87b3c8000 	C:\WINDOWS\System32\NSI.dll
0x00007ff874870000 - 0x00007ff874887000 	C:\WINDOWS\SYSTEM32\dhcpcsvc6.DLL
0x00007ff874500000 - 0x00007ff87451d000 	C:\WINDOWS\SYSTEM32\dhcpcsvc.DLL
0x00007ff8797b0000 - 0x00007ff87987b000 	C:\WINDOWS\SYSTEM32\DNSAPI.dll
0x00007ff874cb0000 - 0x00007ff874cbb000 	C:\WINDOWS\SYSTEM32\WINNSI.DLL

VM Arguments:
jvm_args: -Xmx2048m -Dfile.encoding=UTF-8 -Duser.country=RU -Duser.language=ru -Duser.variant 
java_command: org.gradle.launcher.daemon.bootstrap.GradleDaemon 6.5
java_class_path (initial): C:\Users\Serikov_VA\.gradle\wrapper\dists\gradle-6.5-all\2oz4ud9k3tuxjg84bbf55q0tn\gradle-6.5\lib\gradle-launcher-6.5.jar
Launcher Type: SUN_STANDARD

Environment Variables:
JAVA_HOME=C:\Program Files\Java\jdk-11.0.2
PATH=C:\Program Files (x86)\Intel\iCLS Client\;C:\Program Files\Intel\iCLS Client\;C:\WINDOWS\system32;C:\WINDOWS;C:\WINDOWS\System32\Wbem;C:\WINDOWS\System32\WindowsPowerShell\v1.0\;C:\Program Files (x86)\Intel\Intel(R) Management Engine Components\DAL;C:\Program Files\Intel\Intel(R) Management Engine Components\DAL;C:\Program Files (x86)\Intel\Intel(R) Management Engine Components\IPT;C:\Program Files\Intel\Intel(R) Management Engine Components\IPT;C:\PostgreSQL\pg10\bin;C:\MCNP5;C:\MCNP5\LANL\MCNP5\bin;C:\Program Files (x86)\Microsoft SQL Server\110\Tools\Binn\;C:\Program Files\Microsoft SQL Server\110\Tools\Binn\;C:\Program Files\Microsoft SQL Server\110\DTS\Binn\;C:\WINDOWS\System32\OpenSSH\;C:\Program Files\Java\jdk-11.0.2\bin;C:\Program Files\Java\java-1.8.0-openjdk-1.8.0.201-1\bin;C:\Program Files\Git\cmd;C:\Program Files (x86)\GitExtensions\;C:\Program Files\dotnet\;C:\Program Files (x86)\dotnet\;C:\Users\Serikov_VA\AppData\Local\Microsoft\WindowsApps;C:\Users\Serikov_VA\.dotnet\tools
USERNAME=Serikov_VA
DISPLAY=localhost:0.0
OS=Windows_NT
PROCESSOR_IDENTIFIER=Intel64 Family 6 Model 158 Stepping 9, GenuineIntel



---------------  S Y S T E M  ---------------

OS: Windows 10.0 , 64 bit Build 19041 (10.0.19041.804)

CPU:total 4 (initial active 4) (4 cores per cpu, 1 threads per core) family 6 model 158 stepping 9, cmov, cx8, fxsr, mmx, sse, sse2, sse3, ssse3, sse4.1, sse4.2, popcnt, avx, avx2, aes, clmul, erms, rtm, 3dnowpref, lzcnt, tsc, tscinvbit, bmi1, bmi2, adx

Memory: 4k page, physical 8273864k(350112k free), swap 33439688k(4684k free)

vm_info: OpenJDK 64-Bit Server VM (25.242-b01) for windows-amd64 JRE (1.8.0_242-release-1644-b01), built by "builder" with MS VC++ 10.0 (VS2010)

time: Thu Apr 08 16:21:34 2021
timezone: RTZ 2 (зима)
elapsed time: 17 seconds (0d 0h 0m 17s)

